D:\workspace\JENSENHUGHES\optimization\optimizationCase\config\PMMA\../../results/PMMA/PMMAMultiHeatFlux3 Log file
!!python/object/apply:collections.defaultdict
args:
- !!python/name:builtins.bool ''
dictitems:
  Duraboard:
    CprampF:
    - 1.0
    - 1.0
    CprampT:
    - 0
    - 5000
    eps: 0.8
    krampF:
    - 0.075932
    - 0.090229
    - 0.104522
    - 0.122143
    - 0.14158
    - 0.163436
    - 0.190738
    - 0.221975
    krampT:
    - 203.035
    - 317.4028
    - 426.9164
    - 536.4182
    - 647.3003
    - 757.4803
    - 867.6409
    - 981.2546
    rho: 258
    thickness: 0.0254
  cone:
    activePhaseVars:
    - C0
    - rho
    - ka
    - kb
    - kc
    - kd
    - ke
    - Cpa
    - Cpb
    - Cpc
    - Cpd
    - Cpe
    - eps
    - K
    activeReactionVars:
    - A
    - E
    - n
    - Hp
    - nO2
    weight: 1.0
  cone1:
    Tinit: 25
    columns:
    - 1
    depths:
    - 0
    file: ../../data/PMMAMultiHeatFluxNominal_0_cone_Mass.csv
    heatFlux: 20
    names:
    - Mass
    thickness: 0.00952
    time: 0
    types:
    - 1
    weights:
    - 1
    width1: 0.1016
    width2: 0.1016
  cone2:
    Tinit: 25
    columns:
    - 1
    depths:
    - 0
    file: ../../data/PMMAMultiHeatFluxNominal_1_cone_Mass.csv
    heatFlux: 30
    names:
    - Mass
    thickness: 0.00952
    time: 0
    types:
    - 1
    weights:
    - 1
    width1: 0.1016
    width2: 0.1016
  cone3:
    Tinit: 25
    columns:
    - 1
    depths:
    - 0
    file: ../../data/PMMAMultiHeatFluxNominal_2_cone_Mass.csv
    heatFlux: 40
    names:
    - Mass
    thickness: 0.00952
    time: 0
    types:
    - 1
    weights:
    - 1
    width1: 0.1016
    width2: 0.1016
  configDir: D:\workspace\JENSENHUGHES\optimization\optimizationCase\config\PMMA\
  dataSources:
    names:
    - cone1
    - cone2
    - cone3
    types:
    - cone
    - cone
    - cone
  dsc:
    activePhaseVars:
    - C0
    - Cpa
    - Cpb
    - Cpc
    - Cpd
    - Cpe
    activeReactionVars:
    - A
    - E
    - n
    - Hp
    dscO2: None
    weight: 1.0
  fdsPath: false
  name: PMMAMultiHeatFlux3
  optimizeParams:
    absErr: 1e-8
    absRelErr: 1e-6
    elimThresh: 1e-2
    maxIter: 2000
    maxTime: 600000
    minIter: 3
    minP: 2
    opAlpha: 5
    opBeta: 5
    opP: 5
    opQ: 10
    opS: 20
    relErr: 1e-15
    relIter: 20
  outputParams:
    saveAllSamples: true
  phaseParams:
    C0:
    - - None
      - 0
      - 1
    Cpa:
    - - None
      - 1000
      - 2800
    Cpb:
    - - 0.0
      - 0.0
      - 0.0
    Cpc:
    - - 0
      - 0
      - 1
    Cpd:
    - - 0
      - 0
      - 1
    Cpe:
    - - 0
      - 0
      - 1
    K:
    - - None
      - 500
      - 3000
    eps:
    - - None
      - 0.75
      - 1.0
    ka:
    - - None
      - 0.1
      - 0.3
    kb:
    - - 0.0
      - 0.0
      - 0.0
    kc:
    - - 0
      - 0
      - 1
    kd:
    - - 0
      - 0
      - 1
    ke:
    - - 0
      - 0
      - 1
    nO2:
    - - 0
      - 0
      - 1
    phases:
    - virgin
    rho:
    - - 1189.37
      - 1189
      - 1189
  processParams:
    maxProcesses: 16
    multiprocess: true
  reactionParams:
    A:
    - - None
      - 4e8
      - 7e12
    E:
    - - None
      - 1.20e5
      - 2.0e5
    Hp:
    - - None
      - 630e3
      - 945e3
    n:
    - - None
      - 0.73
      - 1.5
    nO2:
    - - 0
      - 0
      - 1
    prodState:
    - -1
    reacState:
    - 0
    typeState:
    - 3
  reinitializeComplex: false
  restart: false
  resultsDir: ../../results/PMMA/
  systemDir: D:\workspace\JENSENHUGHES\optimization\sourceCode\optimizationpython\src
  tga:
    activePhaseVars:
    - C0
    - rho
    activeReactionVars:
    - A
    - E
    - n
    tgaO2: None
    tgaOpt: 1
    weight: 1.0
  virtualExperiment: false
Loop	t (s)	Error Min	Error Max	ErrorRel	Comp	Samples
0		110.60	6.159e-04	4.716e-02	1.000e+00	5	100
1		239.10	6.159e-04	4.716e-02	1.000e+00	5	100
2		361.44	6.159e-04	4.716e-02	1.000e+00	5	100
3		493.22	6.159e-04	4.716e-02	1.000e+00	5	100
4		620.44	6.159e-04	4.716e-02	1.000e+00	5	100
5		743.60	4.752e-04	3.802e-02	1.000e+00	5	100
6		863.57	3.786e-04	3.802e-02	1.000e+00	5	100
7		982.90	1.868e-04	3.802e-02	1.000e+00	5	100
8		1094.08	1.449e-04	3.802e-02	1.000e+00	5	100
9		1204.50	1.168e-04	3.802e-02	1.000e+00	5	100
10		1319.16	1.048e-04	3.802e-02	1.000e+00	5	100
11		1433.37	8.999e-05	3.802e-02	1.000e+00	5	100
12		1558.49	8.999e-05	3.802e-02	1.000e+00	5	100
13		1684.86	8.893e-05	1.141e-03	1.000e+00	5	100
14		1803.85	8.681e-05	1.141e-03	1.000e+00	5	100
15		1921.12	8.663e-05	8.925e-03	1.000e+00	5	100
16		2047.60	8.602e-05	4.749e-02	1.000e+00	5	100
17		2176.24	8.580e-05	8.160e-03	1.000e+00	5	100
18		2307.73	8.579e-05	9.280e-03	1.000e+00	5	100
19		2447.98	8.579e-05	9.280e-03	1.000e+00	5	100
20		2582.56	8.449e-05	2.910e-02	1.000e+00	5	100
21		2717.39	8.442e-05	8.272e-03	5.315e-04	5	100
22		2854.38	8.440e-05	8.329e-03	5.315e-04	5	100
23		2992.06	8.390e-05	1.133e-02	5.320e-04	5	100
24		3126.31	8.370e-05	8.329e-03	5.322e-04	5	100
25		3259.78	8.356e-05	8.329e-03	3.917e-04	5	100
26		3388.95	8.346e-05	8.329e-03	2.951e-04	5	100
27		3512.75	8.330e-05	6.432e-03	1.035e-04	5	100
28		3632.89	8.327e-05	6.432e-03	6.164e-05	5	100
29		3745.93	8.324e-05	6.432e-03	3.355e-05	5	100
30		3869.24	8.322e-05	6.432e-03	2.160e-05	5	100
31		3987.80	8.316e-05	6.432e-03	6.824e-06	5	100
32		4099.55	8.312e-05	6.432e-03	6.871e-06	5	100
33		4215.66	8.307e-05	1.287e-02	5.862e-06	5	100
34		4335.62	8.302e-05	2.856e-02	3.793e-06	5	100
35		4458.71	8.294e-05	3.585e-02	3.696e-06	5	100
36		4583.81	8.269e-05	3.585e-02	3.330e-06	5	100
37		4699.25	8.256e-05	3.585e-02	3.237e-06	5	100
38		4820.96	8.251e-05	3.585e-02	3.285e-06	5	100
39		4936.17	8.236e-05	3.585e-02	3.434e-06	5	100
40		5054.37	8.219e-05	3.585e-02	2.294e-06	5	100
41		5171.98	8.206e-05	3.585e-02	2.366e-06	5	100
42		5294.01	8.200e-05	1.080e-02	2.396e-06	5	100
43		5429.06	8.199e-05	8.881e-03	1.910e-06	5	100
44		5562.86	8.197e-05	7.745e-03	1.722e-06	5	100
45		5689.94	8.196e-05	1.087e-02	1.601e-06	5	100
46		5817.07	8.195e-05	3.497e-02	1.505e-06	5	100
47		5943.31	8.195e-05	3.497e-02	1.356e-06	5	100
48		6063.56	8.192e-05	3.497e-02	1.351e-06	5	100
49		6182.84	8.190e-05	1.173e-02	1.345e-06	5	100
50		6306.22	8.188e-05	1.173e-02	1.339e-06	5	100
51		6428.64	8.188e-05	1.173e-02	1.280e-06	5	100
52		6546.20	8.186e-05	1.173e-02	1.260e-06	5	100
53		6669.75	8.184e-05	1.173e-02	1.223e-06	5	100
54		6784.83	8.184e-05	2.820e-02	1.180e-06	5	100
55		6900.21	8.183e-05	2.644e-02	1.106e-06	5	100
56		7018.94	8.182e-05	2.644e-02	8.709e-07	5	100
57		7144.05	8.182e-05	2.644e-02	7.460e-07	5	100
58		7272.01	8.181e-05	2.644e-02	6.935e-07	5	100
59		7397.94	8.181e-05	2.351e-02	5.459e-07	5	100
60		7518.00	8.180e-05	2.351e-02	3.918e-07	5	100
61		7638.99	8.180e-05	2.351e-02	2.598e-07	5	100
62		7758.63	8.179e-05	3.335e-02	2.108e-07	5	100
63		7879.68	8.179e-05	4.675e-02	1.978e-07	5	100
64		8005.86	8.179e-05	3.863e-02	1.798e-07	5	100
65		8131.52	8.179e-05	4.065e-02	1.660e-07	5	100
66		8254.88	8.179e-05	4.065e-02	1.583e-07	5	100
67		8377.31	8.179e-05	4.065e-02	1.525e-07	5	100
68		8497.08	8.179e-05	4.065e-02	1.285e-07	5	100
69		8628.42	8.179e-05	4.065e-02	1.066e-07	5	100
70		8746.79	8.179e-05	4.065e-02	8.934e-08	5	100
71		8869.13	8.178e-05	4.519e-02	9.733e-08	5	100
72		8986.17	8.178e-05	4.519e-02	7.866e-08	5	100
73		9109.20	8.177e-05	4.519e-02	7.559e-08	5	100
74		9226.54	8.177e-05	1.554e-02	7.190e-08	5	100
75		9348.84	8.177e-05	4.380e-02	6.331e-08	5	100
76		9465.12	8.177e-05	4.711e-02	5.565e-08	5	100
77		9588.89	8.177e-05	3.696e-02	5.089e-08	5	100
78		9708.28	8.176e-05	3.696e-02	4.720e-08	5	100
79		9836.72	8.176e-05	3.696e-02	4.553e-08	5	100
80		9958.33	8.176e-05	2.829e-02	3.438e-08	5	100
81		10077.32	8.176e-05	2.829e-02	3.438e-08	5	100
82		10198.20	8.176e-05	2.829e-02	2.841e-08	5	100
83		10316.23	8.176e-05	1.272e-02	2.891e-08	5	100
84		10438.14	8.176e-05	1.143e-02	2.891e-08	5	100
85		10557.63	8.176e-05	3.408e-03	2.891e-08	5	100
86		10676.70	8.176e-05	3.408e-03	2.891e-08	5	100
87		10796.29	8.176e-05	3.920e-02	2.861e-08	5	100
88		10912.96	8.176e-05	4.664e-02	2.861e-08	5	100
89		11032.59	8.176e-05	4.664e-02	2.805e-08	5	100
90		11147.08	8.176e-05	4.664e-02	2.805e-08	5	100
91		11267.90	8.176e-05	4.664e-02	2.005e-08	5	100
92		11391.92	8.176e-05	4.664e-02	1.283e-08	5	100
93		11514.96	8.176e-05	4.664e-02	2.489e-09	5	100
94		11633.56	8.176e-05	4.664e-02	2.489e-09	5	100
95		11757.06	8.176e-05	4.555e-02	2.489e-09	5	100
96		11876.01	8.176e-05	4.555e-02	2.186e-09	5	100
97		11995.74	8.176e-05	4.555e-02	2.186e-09	5	100
98		12119.76	8.176e-05	4.555e-02	9.281e-10	5	100
99		12240.29	8.176e-05	4.555e-02	9.281e-10	5	100
100		12359.34	8.176e-05	4.555e-02	9.281e-10	5	100
101		12479.30	8.170e-05	3.813e-02	6.339e-08	5	100
102		12605.40	8.167e-05	3.813e-02	9.302e-08	5	100
103		12735.50	8.165e-05	3.813e-02	1.111e-07	5	100
104		12856.30	8.157e-05	3.813e-02	1.965e-07	5	100
105		12978.93	8.132e-05	3.512e-02	4.468e-07	5	100
106		13100.36	8.120e-05	2.717e-02	5.686e-07	5	100
107		13222.22	8.098e-05	2.717e-02	7.821e-07	5	100
108		13336.51	8.083e-05	4.262e-04	9.330e-07	5	100
109		13453.36	8.079e-05	5.045e-03	9.781e-07	5	100
110		13576.28	8.079e-05	1.754e-02	9.781e-07	5	100
111		13691.49	8.070e-05	1.754e-02	1.059e-06	5	100
112		13811.28	8.063e-05	4.173e-03	1.129e-06	5	100
113		13935.92	8.059e-05	2.519e-02	1.172e-06	5	100
114		14059.08	8.055e-05	2.519e-02	1.215e-06	5	100
115		14177.20	8.050e-05	9.198e-03	1.262e-06	5	100
116		14306.59	8.048e-05	9.198e-03	1.287e-06	5	100
117		14427.87	8.046e-05	8.858e-03	1.308e-06	5	100
118		14559.74	8.046e-05	3.703e-02	1.308e-06	5	100
119		14694.96	8.044e-05	1.520e-02	1.321e-06	5	100
120		14822.10	8.044e-05	1.520e-02	1.325e-06	5	100
121		14952.95	8.044e-05	1.689e-02	1.262e-06	5	100
122		15084.42	8.044e-05	1.689e-02	1.232e-06	5	100
123		15215.01	8.044e-05	1.689e-02	1.214e-06	5	100
124		15336.77	8.042e-05	7.276e-03	1.151e-06	5	100
125		15461.34	8.040e-05	7.276e-03	9.129e-07	5	100
126		15591.33	8.038e-05	7.276e-03	8.186e-07	5	100
127		15709.60	8.034e-05	3.380e-02	6.451e-07	5	100
128		15829.53	8.031e-05	3.380e-02	5.229e-07	5	100
129		15949.62	8.029e-05	3.380e-02	4.990e-07	5	100
130		16071.35	8.029e-05	3.380e-02	4.990e-07	5	100
131		16196.69	8.026e-05	3.380e-02	4.427e-07	5	100
132		16313.75	8.024e-05	3.380e-02	3.898e-07	5	100
133		16426.35	8.013e-05	3.380e-02	4.640e-07	5	100
134		16538.60	7.996e-05	3.380e-02	5.894e-07	5	100
135		16652.22	7.993e-05	3.380e-02	5.735e-07	5	100
136		16767.21	7.992e-05	3.380e-02	5.591e-07	5	100
137		16886.53	7.990e-05	4.744e-02	5.512e-07	5	100
138		17008.03	7.989e-05	4.744e-02	5.632e-07	5	100
139		17136.22	7.989e-05	4.744e-02	5.501e-07	5	100
140		17258.62	7.989e-05	3.277e-02	5.469e-07	5	100
141		17379.92	7.987e-05	3.277e-02	5.678e-07	5	100
142		17503.83	7.987e-05	3.277e-02	5.704e-07	5	100
143		17623.66	7.986e-05	3.277e-02	5.775e-07	5	100
144		17742.97	7.982e-05	3.277e-02	5.961e-07	5	100
145		17858.05	7.974e-05	3.277e-02	6.633e-07	5	100
146		17972.26	7.974e-05	3.277e-02	6.412e-07	5	100
147		18084.20	7.974e-05	3.277e-02	6.012e-07	5	100
148		18194.86	7.971e-05	3.277e-02	5.992e-07	5	100
149		18313.24	7.971e-05	3.277e-02	5.780e-07	5	100
150		18431.22	7.971e-05	3.277e-02	5.780e-07	5	100
151		18550.57	7.971e-05	3.277e-02	5.566e-07	5	100
152		18663.64	7.971e-05	3.575e-02	5.396e-07	5	100
153		18787.86	7.971e-05	4.341e-02	4.222e-07	5	100
154		18906.25	7.971e-05	4.341e-02	2.544e-07	5	100
155		19023.14	7.971e-05	3.575e-02	2.233e-07	5	100
156		19143.11	7.971e-05	3.575e-02	2.128e-07	5	100
157		19269.51	7.971e-05	3.575e-02	1.991e-07	5	100
158		19387.75	7.970e-05	3.575e-02	1.880e-07	5	100
159		19502.47	7.970e-05	3.575e-02	1.881e-07	5	100
160		19622.41	7.970e-05	3.575e-02	1.881e-07	5	100
161		19746.82	7.970e-05	4.232e-02	1.673e-07	5	100
162		19868.03	7.970e-05	4.352e-02	1.647e-07	5	100
163		19985.17	7.970e-05	4.352e-02	1.576e-07	5	100
164		20112.84	7.970e-05	4.352e-02	1.167e-07	5	100
165		20232.71	7.970e-05	4.352e-02	3.713e-08	5	100
166		20359.30	7.970e-05	1.993e-02	3.174e-08	5	100
167		20480.82	7.970e-05	1.993e-02	3.174e-08	5	100
168		20605.57	7.970e-05	4.722e-02	5.448e-09	5	100
169		20724.33	7.970e-05	2.673e-02	5.486e-09	5	100
170		20846.29	7.970e-05	2.196e-02	5.486e-09	5	100
171		20972.82	7.970e-05	2.196e-02	1.816e-09	5	100
172		21092.41	7.970e-05	3.902e-02	1.816e-09	5	100
173		21210.63	7.970e-05	3.902e-02	1.816e-09	5	100
174		21343.13	7.970e-05	3.902e-02	1.816e-09	5	100
175		21469.34	7.970e-05	3.902e-02	1.816e-09	5	100
176		21586.07	7.970e-05	3.902e-02	1.570e-09	5	100
177		21715.04	7.970e-05	3.902e-02	1.570e-09	5	100
178		21834.95	7.970e-05	6.773e-03	7.442e-10	5	100
179		21961.26	7.970e-05	1.120e-02	5.525e-10	5	100
180		22089.24	7.970e-05	3.592e-02	5.525e-10	5	100
181		22214.39	7.970e-05	2.801e-02	5.525e-10	5	100
182		22336.41	7.970e-05	2.992e-02	4.623e-10	5	100
183		22455.47	7.970e-05	2.992e-02	4.623e-10	5	100
184		22585.18	7.969e-05	3.736e-02	9.483e-09	5	100
185		22710.32	7.969e-05	3.736e-02	1.693e-08	5	100
186		22832.05	7.966e-05	3.736e-02	4.066e-08	5	100
187		22951.55	7.963e-05	3.736e-02	7.019e-08	5	100
188		23078.04	7.962e-05	9.813e-03	8.647e-08	5	100
189		23193.77	7.961e-05	1.949e-02	8.937e-08	5	100
190		23316.76	7.961e-05	1.949e-02	9.074e-08	5	100
191		23426.96	7.961e-05	1.949e-02	9.181e-08	5	100
192		23550.44	7.961e-05	2.077e-02	9.181e-08	5	100
193		23674.77	7.961e-05	2.580e-02	9.250e-08	5	100
194		23810.07	7.961e-05	3.184e-02	9.250e-08	5	100
195		23929.59	7.961e-05	3.184e-02	9.321e-08	5	100
196		24058.92	7.961e-05	4.667e-02	9.477e-08	5	100
197		24185.87	7.961e-05	4.667e-02	9.679e-08	5	100
198		24317.49	7.961e-05	4.667e-02	9.791e-08	5	100
199		24440.72	7.960e-05	4.667e-02	1.010e-07	5	100
200		24568.39	7.960e-05	2.223e-02	1.010e-07	5	100
201		24697.11	7.958e-05	9.754e-03	1.235e-07	5	100
202		24828.00	7.958e-05	6.214e-03	1.235e-07	5	100
203		24954.36	7.958e-05	1.046e-02	1.235e-07	5	100
204		25080.14	7.958e-05	1.054e-02	1.145e-07	5	100
205		25209.75	7.948e-05	1.054e-02	2.104e-07	5	100
206		25325.73	7.940e-05	1.054e-02	2.654e-07	5	100
207		25460.44	7.930e-05	3.821e-02	3.300e-07	5	100
208		25592.94	7.918e-05	3.821e-02	4.380e-07	5	100
209		25707.08	7.911e-05	3.821e-02	5.055e-07	5	100
210		25824.38	7.908e-05	1.850e-03	5.346e-07	5	100
211		25923.92	7.899e-05	1.850e-03	6.171e-07	5	100
212		26043.81	7.888e-05	1.850e-03	7.299e-07	5	100
213		26154.35	7.886e-05	1.772e-02	7.518e-07	5	100
214		26272.60	7.885e-05	4.726e-02	7.583e-07	5	100
215		26385.95	7.885e-05	4.726e-02	7.576e-07	5	100
216		26506.49	7.884e-05	4.726e-02	7.672e-07	5	100
217		26618.63	7.883e-05	2.797e-02	7.801e-07	5	100
218		26737.61	7.872e-05	2.797e-02	8.811e-07	5	100
219		26857.39	7.867e-05	8.986e-03	9.373e-07	5	100
220		26970.92	7.855e-05	8.986e-03	1.057e-06	5	100
221		27092.61	7.840e-05	2.545e-02	1.177e-06	5	100
222		27214.16	7.838e-05	2.545e-02	1.195e-06	5	100
223		27336.21	7.838e-05	2.545e-02	1.195e-06	5	100
224		27455.80	7.838e-05	4.409e-02	1.195e-06	5	100
225		27568.90	7.837e-05	4.409e-02	1.106e-06	5	100
226		27685.08	7.836e-05	2.545e-02	1.035e-06	5	100
227		27803.20	7.830e-05	2.545e-02	1.001e-06	5	100
228		27919.97	7.827e-05	2.545e-02	9.130e-07	5	100
229		28040.95	7.821e-05	2.545e-02	8.940e-07	5	100
230		28167.24	7.820e-05	3.827e-02	8.736e-07	5	100
231		28291.81	7.820e-05	3.827e-02	7.930e-07	5	100
232		28414.02	7.820e-05	3.827e-02	6.829e-07	5	100
233		28533.68	7.819e-05	2.277e-02	6.645e-07	5	100
234		28652.59	7.819e-05	2.277e-02	6.580e-07	5	100
235		28772.74	7.819e-05	2.277e-02	6.592e-07	5	100
236		28891.90	7.819e-05	2.277e-02	6.480e-07	5	100
237		29019.33	7.819e-05	2.591e-02	6.331e-07	5	100
238		29141.30	7.819e-05	2.591e-02	5.310e-07	5	100
239		29256.20	7.819e-05	4.574e-02	4.717e-07	5	100
240		29379.58	7.819e-05	4.574e-02	3.524e-07	5	100
241		29494.49	7.819e-05	4.574e-02	2.097e-07	5	100
242		29614.78	7.819e-05	4.574e-02	1.914e-07	5	100
243		29738.74	7.819e-05	1.712e-02	1.914e-07	5	100
244		29855.77	7.819e-05	1.712e-02	1.914e-07	5	100
245		29976.42	7.819e-05	1.712e-02	1.766e-07	5	100
246		30097.90	7.819e-05	2.060e-02	1.693e-07	5	100
247		30221.26	7.819e-05	2.856e-02	1.098e-07	5	100
248		30335.76	7.819e-05	2.856e-02	7.257e-08	5	100
249		30453.17	7.819e-05	2.856e-02	2.112e-08	5	100
250		30570.78	7.819e-05	2.856e-02	1.108e-08	5	100
251		30686.50	7.819e-05	4.123e-02	8.091e-09	5	100
252		30805.08	7.819e-05	2.856e-02	5.393e-09	5	100
253		30927.88	7.819e-05	3.138e-02	1.225e-09	5	100
254		31047.48	7.819e-05	3.138e-02	1.225e-09	5	100
255		31177.30	7.819e-05	3.138e-02	0.000e+00	5	100
256		31300.10	7.819e-05	3.138e-02	0.000e+00	5	100
257		31424.53	7.819e-05	3.138e-02	0.000e+00	5	100
258		31547.11	7.819e-05	2.409e-02	0.000e+00	5	100
259		31668.56	7.819e-05	2.409e-02	0.000e+00	5	100
260		31789.00	7.819e-05	2.409e-02	0.000e+00	5	100
261		31909.21	7.819e-05	2.409e-02	3.457e-11	5	100
262		32031.39	7.819e-05	2.503e-02	1.094e-10	5	100
263		32149.91	7.819e-05	2.503e-02	1.094e-10	5	100
264		32270.42	7.819e-05	1.749e-02	1.094e-10	5	100
265		32388.16	7.819e-05	3.774e-03	1.094e-10	5	100
266		32514.75	7.819e-05	1.741e-02	1.094e-10	5	100
267		32634.32	7.819e-05	1.741e-02	1.094e-10	5	100
268		32757.04	7.819e-05	2.780e-02	1.094e-10	5	100
269		32877.81	7.819e-05	1.741e-02	1.094e-10	5	100
270		32999.37	7.819e-05	8.346e-03	1.094e-10	5	100
271		33119.16	7.819e-05	8.346e-03	1.094e-10	5	100
272		33246.76	7.819e-05	3.231e-02	1.094e-10	5	100
273		33367.95	7.819e-05	3.231e-02	1.094e-10	5	100
274		33488.56	7.819e-05	3.928e-02	1.094e-10	5	100
275		33609.85	7.819e-05	4.406e-02	1.094e-10	5	100
276		33730.14	7.819e-05	4.406e-02	1.094e-10	5	100
277		33847.84	7.819e-05	4.406e-02	1.094e-10	5	100
278		33971.53	7.819e-05	2.286e-02	1.094e-10	5	100
279		34087.77	7.819e-05	2.286e-02	1.094e-10	5	100
280		34204.78	7.819e-05	2.286e-02	1.094e-10	5	100
281		34322.89	7.819e-05	2.286e-02	7.481e-11	5	100
282		34446.09	7.819e-05	3.257e-02	0.000e+00	5	100
283		34559.09	7.819e-05	3.257e-02	0.000e+00	5	100
284		34678.12	7.819e-05	3.257e-02	0.000e+00	5	100
285		34798.06	7.819e-05	4.748e-02	0.000e+00	5	100
286		34918.08	7.819e-05	3.032e-02	0.000e+00	5	100
287		35038.39	7.819e-05	3.032e-02	0.000e+00	5	100
288		35162.02	7.819e-05	3.032e-02	0.000e+00	5	100
289		35282.82	7.819e-05	2.859e-02	0.000e+00	5	100
290		35406.69	7.819e-05	3.099e-02	0.000e+00	5	100
291		35529.40	7.819e-05	3.099e-02	0.000e+00	5	100
292		35649.49	7.819e-05	3.099e-02	0.000e+00	5	100
293		35772.78	7.819e-05	3.099e-02	0.000e+00	5	100
294		35896.14	7.819e-05	3.099e-02	0.000e+00	5	100
295		36023.97	7.819e-05	4.185e-02	0.000e+00	5	100
296		36145.00	7.819e-05	4.185e-02	0.000e+00	5	100
297		36265.77	7.819e-05	3.099e-02	0.000e+00	5	100
298		36386.36	7.819e-05	4.244e-02	0.000e+00	5	100
299		36499.86	7.819e-05	4.244e-02	0.000e+00	5	100
300		36625.19	7.819e-05	4.244e-02	0.000e+00	5	100
301		36738.66	7.819e-05	4.244e-02	0.000e+00	5	100
302		36857.36	7.819e-05	3.629e-02	0.000e+00	5	100
303		36978.53	7.819e-05	1.656e-02	0.000e+00	5	100
304		37100.33	7.819e-05	4.411e-02	0.000e+00	5	100
305		37217.27	7.819e-05	4.411e-02	0.000e+00	5	100
306		37347.01	7.819e-05	3.258e-02	0.000e+00	5	100
307		37469.20	7.819e-05	3.258e-02	0.000e+00	5	100
308		37589.63	7.819e-05	3.258e-02	0.000e+00	5	100
309		37710.38	7.819e-05	3.258e-02	0.000e+00	5	100
310		37832.71	7.819e-05	2.564e-02	0.000e+00	5	100
311		37956.60	7.819e-05	2.564e-02	0.000e+00	5	100
312		38076.21	7.819e-05	2.564e-02	0.000e+00	5	100
313		38195.86	7.819e-05	1.346e-02	0.000e+00	5	100
314		38317.55	7.819e-05	3.107e-02	0.000e+00	5	100
315		38443.56	7.819e-05	1.635e-02	0.000e+00	5	100
316		38568.89	7.819e-05	3.009e-02	0.000e+00	5	100
317		38690.31	7.819e-05	6.881e-03	0.000e+00	5	100
318		38809.70	7.819e-05	2.865e-02	0.000e+00	5	100
319		38931.06	7.819e-05	2.865e-02	0.000e+00	5	100
320		39057.05	7.819e-05	1.428e-02	0.000e+00	5	100
321		39174.98	7.819e-05	1.659e-02	0.000e+00	5	100
322		39301.27	7.819e-05	3.494e-02	0.000e+00	5	100
323		39421.01	7.819e-05	3.494e-02	0.000e+00	5	100
324		39537.99	7.819e-05	3.494e-02	0.000e+00	5	100
325		39654.08	7.819e-05	1.495e-02	0.000e+00	5	100
326		39771.86	7.819e-05	1.540e-02	0.000e+00	5	100
327		39894.14	7.819e-05	1.540e-02	0.000e+00	5	100
328		40017.48	7.819e-05	3.279e-02	0.000e+00	5	100
329		40137.63	7.819e-05	3.279e-02	0.000e+00	5	100
330		40251.84	7.819e-05	1.375e-02	0.000e+00	5	100
331		40376.83	7.819e-05	4.527e-02	0.000e+00	5	100
332		40498.46	7.819e-05	3.580e-02	0.000e+00	5	100
333		40615.60	7.819e-05	3.575e-02	0.000e+00	5	100
334		40734.69	7.819e-05	3.068e-02	0.000e+00	5	100
335		40857.20	7.819e-05	2.768e-02	0.000e+00	5	100
336		40978.98	7.819e-05	2.744e-02	0.000e+00	5	100
337		41105.92	7.819e-05	4.718e-02	0.000e+00	5	100
338		41226.35	7.819e-05	2.352e-02	0.000e+00	5	100
339		41348.67	7.819e-05	2.352e-02	0.000e+00	5	100
340		41464.20	7.819e-05	2.352e-02	0.000e+00	5	100
341		41586.56	7.819e-05	2.191e-02	0.000e+00	5	100
342		41706.02	7.819e-05	8.224e-03	0.000e+00	5	100
343		41830.59	7.819e-05	4.719e-02	0.000e+00	5	100
344		41954.42	7.819e-05	4.719e-02	0.000e+00	5	100
345		42070.82	7.819e-05	4.719e-02	0.000e+00	5	100
346		42195.78	7.819e-05	4.719e-02	0.000e+00	5	100
347		42312.35	7.819e-05	4.719e-02	0.000e+00	5	100
348		42433.86	7.819e-05	4.678e-02	0.000e+00	5	100
349		42552.97	7.819e-05	3.241e-03	0.000e+00	5	100
350		42676.20	7.819e-05	1.365e-02	0.000e+00	5	100
351		42797.95	7.819e-05	1.365e-02	0.000e+00	5	100
352		42918.75	7.819e-05	4.434e-02	0.000e+00	5	100
353		43040.90	7.819e-05	4.434e-02	0.000e+00	5	100
354		43160.16	7.819e-05	3.973e-02	0.000e+00	5	100
355		43283.14	7.819e-05	3.973e-02	0.000e+00	5	100
356		43399.60	7.819e-05	1.543e-02	0.000e+00	5	100
357		43521.92	7.819e-05	1.832e-02	0.000e+00	5	100
358		43641.48	7.819e-05	2.970e-02	0.000e+00	5	100
359		43762.83	7.819e-05	4.749e-02	0.000e+00	5	100
360		43886.34	7.819e-05	4.749e-02	0.000e+00	5	100
361		43997.36	7.819e-05	4.749e-02	0.000e+00	5	100
362		44115.55	7.819e-05	4.749e-02	0.000e+00	5	100
363		44231.37	7.819e-05	4.749e-02	0.000e+00	5	100
364		44353.68	7.819e-05	4.749e-02	0.000e+00	5	100
365		44472.04	7.819e-05	4.749e-02	0.000e+00	5	100
366		44591.92	7.819e-05	6.439e-03	0.000e+00	5	100
367		44715.72	7.819e-05	2.125e-02	0.000e+00	5	100
368		44836.42	7.819e-05	2.453e-02	0.000e+00	5	100
369		44951.69	7.819e-05	2.453e-02	0.000e+00	5	100
370		45077.92	7.819e-05	4.718e-02	0.000e+00	5	100
371		45203.67	7.819e-05	4.718e-02	0.000e+00	5	100
372		45319.66	7.819e-05	4.504e-02	0.000e+00	5	100
373		45438.27	7.819e-05	1.023e-02	0.000e+00	5	100
374		45566.68	7.819e-05	3.935e-02	0.000e+00	5	100
375		45682.57	7.819e-05	3.935e-02	0.000e+00	5	100
376		45807.35	7.819e-05	3.935e-02	3.241e-11	5	100
377		45928.45	7.819e-05	6.640e-03	3.241e-11	5	100
378		46048.15	7.819e-05	1.686e-02	3.241e-11	5	100
379		46167.89	7.819e-05	1.686e-02	3.241e-11	5	100
380		46298.48	7.819e-05	2.630e-02	3.241e-11	5	100
381		46424.02	7.819e-05	2.630e-02	3.241e-11	5	100
