C:\Users\Fyang\Workspace\optimization\cases\config\E_Glass\../../results/E_Glass/E_Glass-400Deviation Log file
!!python/object/apply:collections.defaultdict
args:
- !!python/name:builtins.bool ''
dictitems:
  Duraboard:
    CprampF:
    - 1.0
    - 1.0
    CprampT:
    - 0
    - 5000
    eps: 0.8
    krampF:
    - 0.075932
    - 0.090229
    - 0.104522
    - 0.122143
    - 0.14158
    - 0.163436
    - 0.190738
    - 0.221975
    krampT:
    - 203.035
    - 317.4028
    - 426.9164
    - 536.4182
    - 647.3003
    - 757.4803
    - 867.6409
    - 981.2546
    rho: 258
    thickness: 0.0254
  cone:
    activePhaseVars:
    - C0
    - rho
    - ka
    - kb
    - kc
    - kd
    - ke
    - Cpa
    - Cpb
    - Cpc
    - Cpd
    - Cpe
    - eps
    - K
    activeReactionVars:
    - A
    - E
    - n
    - Hp
    - nO2
    weight: 1.0
  cone1:
    Tinit: 25
    columns:
    - 1
    depths:
    - 0
    file: ../../data/E_Glass-nominal_0_cone_Mass.csv
    heatFlux: 20
    names:
    - Mass
    thickness: 0.00635
    time: 0
    types:
    - 1
    weights:
    - 1
    width1: 0.1016
    width2: 0.1016
  configDir: C:\Users\Fyang\Workspace\optimization\cases\config\E_Glass\
  dataSources:
    names:
    - cone1
    types:
    - cone
  dsc:
    activePhaseVars:
    - C0
    - Cpa
    - Cpb
    - Cpc
    - Cpd
    - Cpe
    activeReactionVars:
    - A
    - E
    - n
    - Hp
    dscO2: None
    weight: 1.0
  fdsPath: false
  name: E_Glass-400Deviation
  optimizeParams:
    absErr: 1e-8
    absRelErr: 1e-6
    elimThresh: 1e-2
    maxIter: 2000
    maxTime: 60000
    minIter: 1
    minP: 2
    opAlpha: 5
    opBeta: 5
    opP: 4
    opQ: 10
    opS: 80
    relErr: 1e-15
    relIter: 15
  outputParams:
    saveAllSamples: true
  phaseParams:
    C0:
    - - 1
      - 0
      - 1
    - - 0
      - 1189
      - 1189
    Cpa:
    - - None
      - 300
      - 6000
    - - None
      - 220
      - 4400
    Cpb:
    - - 0.0
      - 0.0
      - 0.0
    - - 0.0
      - 0.0
      - 0.0
    Cpc:
    - &id001
      - 0
      - 0
      - 1
    - *id001
    Cpd:
    - &id002
      - 0
      - 0
      - 1
    - *id002
    Cpe:
    - &id003
      - 0
      - 0
      - 1
    - *id003
    K:
    - - None
      - 2000
      - 40000
    - - 0
      - 0
      - 0
    eps:
    - - None
      - 0.188
      - 1.0
    - - None
      - 0.188
      - 1.0
    ka:
    - - None
      - 0.06
      - 1.2
    - - None
      - 0.04
      - 0.8
    kb:
    - - 0.0
      - 0.0
      - 0.0
    - - 0.0
      - 0.0
      - 0.0
    kc:
    - &id004
      - 0
      - 0
      - 1
    - *id004
    kd:
    - &id005
      - 0
      - 0
      - 1
    - *id005
    ke:
    - &id006
      - 0
      - 0
      - 1
    - *id006
    nO2:
    - - 0
      - 0
      - 1
    - - 0
      - 0
      - 0
    phases:
    - virgin
    - char
    rho:
    - - 1683
      - 1346.4
      - 2019.6
    - - 1235
      - 988
      - 1482
  processParams:
    maxProcesses: 4
    multiprocess: true
  reactionParams:
    A:
    - - None
      - 0.468e12
      - 9.36e12
    E:
    - - None
      - 0.362e5
      - 7.24e5
    Hp:
    - - None
      - 20e3
      - 400e3
    n:
    - - None
      - 0.2
      - 4.0
    nO2:
    - - 0
      - 0
      - 1
    prodState:
    - 1
    reacState:
    - 0
    typeState:
    - 3
    - 3
  reinitializeComplex: false
  restart: false
  resultsDir: ../../results/E_Glass/
  systemDir: C:\Users\Fyang\Workspace\optimization\sourceCode\optimizationpython\src
  tga:
    activePhaseVars:
    - C0
    - rho
    activeReactionVars:
    - A
    - E
    - n
    tgaO2: None
    tgaOpt: 1
    weight: 1.0
  virtualExperiment: false
Loop	t (s)	Error Min	Error Max	ErrorRel	Comp	Samples
0		75.70	2.200e-04	4.992e-03	1.000e+00	4	320
1		164.33	2.200e-04	4.992e-03	1.000e+00	4	320
2		260.70	2.200e-04	4.992e-03	1.000e+00	4	320
3		359.57	2.200e-04	4.992e-03	1.000e+00	4	320
4		463.00	2.200e-04	4.992e-03	1.000e+00	4	320
5		559.59	2.138e-04	4.992e-03	1.000e+00	4	320
6		654.80	2.138e-04	4.992e-03	1.000e+00	4	320
7		750.99	1.007e-04	4.992e-03	1.000e+00	4	320
8		868.95	7.506e-05	4.992e-03	1.000e+00	4	320
9		966.76	7.506e-05	4.992e-03	1.000e+00	4	320
10		1088.62	6.828e-05	4.992e-03	1.000e+00	4	320
11		1199.39	6.828e-05	4.992e-03	1.000e+00	4	320
12		1315.31	6.503e-05	4.992e-03	1.000e+00	4	320
13		1423.03	5.127e-05	4.992e-03	1.000e+00	4	320
14		1521.71	2.029e-05	4.992e-03	1.000e+00	4	320
15		1630.52	2.029e-05	4.992e-03	1.000e+00	4	320
16		1741.06	2.029e-05	4.992e-03	1.997e-04	4	320
17		1862.01	2.029e-05	4.992e-03	1.997e-04	4	320
18		1978.82	2.029e-05	4.992e-03	1.997e-04	4	320
19		2092.73	2.029e-05	4.992e-03	1.997e-04	4	320
20		2202.59	1.879e-05	4.992e-03	1.950e-04	4	320
21		2323.65	1.706e-05	4.992e-03	1.967e-04	4	320
22		2437.40	1.656e-05	4.992e-03	8.419e-05	4	320
23		2543.33	1.527e-05	4.992e-03	5.979e-05	4	320
24		2663.60	1.495e-05	4.992e-03	6.011e-05	4	320
25		2769.97	1.464e-05	4.992e-03	5.363e-05	4	320
26		2886.92	1.399e-05	4.992e-03	5.428e-05	4	320
27		3003.70	1.399e-05	4.992e-03	5.103e-05	4	320
28		3114.41	1.399e-05	4.992e-03	3.728e-05	4	320
29		3213.95	1.262e-05	4.992e-03	7.665e-06	4	320
30		3315.04	9.112e-06	4.992e-03	1.118e-05	4	320
31		3420.85	7.550e-06	4.992e-03	1.274e-05	4	320
32		3525.17	6.851e-06	4.992e-03	1.344e-05	4	320
33		3642.78	5.620e-06	4.992e-03	1.467e-05	4	320
34		3768.42	5.369e-06	4.992e-03	1.492e-05	4	320
35		3886.96	4.032e-06	4.992e-03	1.476e-05	4	320
36		3998.57	4.032e-06	4.992e-03	1.303e-05	4	320
37		4104.89	2.448e-06	4.992e-03	1.411e-05	4	320
38		4223.83	2.448e-06	4.992e-03	1.282e-05	4	320
39		4334.89	2.448e-06	4.992e-03	1.250e-05	4	320
40		4448.12	2.448e-06	4.992e-03	1.219e-05	4	320
41		4566.52	2.384e-06	4.992e-03	1.161e-05	4	320
42		4673.04	2.384e-06	4.992e-03	1.161e-05	4	320
43		4780.22	2.035e-06	4.992e-03	1.196e-05	4	320
44		4893.43	2.035e-06	4.992e-03	1.059e-05	4	320
45		4997.84	2.035e-06	4.992e-03	7.077e-06	4	320
46		5110.61	1.948e-06	4.992e-03	5.602e-06	4	320
47		5220.07	1.948e-06	4.992e-03	4.903e-06	4	320
48		5333.67	1.889e-06	4.992e-03	3.731e-06	4	320
49		5450.73	1.884e-06	4.992e-03	3.485e-06	4	320
50		5560.94	1.880e-06	4.992e-03	2.153e-06	4	320
51		5660.31	1.845e-06	4.992e-03	2.188e-06	4	320
52		5783.16	1.841e-06	4.992e-03	6.065e-07	4	320
53		5900.60	1.805e-06	4.992e-03	6.433e-07	4	320
54		6002.26	1.784e-06	4.992e-03	6.636e-07	4	320
55		6123.47	1.721e-06	4.992e-03	7.268e-07	4	320
56		6229.13	1.706e-06	4.992e-03	6.777e-07	4	320
57		6352.67	1.663e-06	4.992e-03	7.206e-07	4	320
58		6472.30	1.663e-06	4.992e-03	3.717e-07	4	320
59		6598.30	1.633e-06	4.992e-03	4.013e-07	4	320
60		6700.61	1.621e-06	4.992e-03	4.138e-07	4	320
61		6822.96	1.602e-06	4.992e-03	3.462e-07	4	320
62		6950.52	1.559e-06	4.992e-03	3.888e-07	4	320
63		7065.33	1.520e-06	4.992e-03	3.692e-07	4	320
64		7185.38	1.479e-06	4.992e-03	4.048e-07	4	320
65		7315.77	1.479e-06	4.992e-03	4.008e-07	4	320
66		7450.33	1.479e-06	4.992e-03	3.658e-07	4	320
67		7577.00	1.479e-06	4.992e-03	3.625e-07	4	320
68		7684.01	1.479e-06	4.992e-03	3.257e-07	4	320
69		7795.27	1.479e-06	4.992e-03	3.055e-07	4	320
70		7907.10	1.479e-06	4.992e-03	2.422e-07	4	320
71		8011.55	1.467e-06	4.992e-03	2.390e-07	4	320
72		8116.91	1.460e-06	4.992e-03	2.036e-07	4	320
73		8229.72	1.460e-06	4.992e-03	2.036e-07	4	320
74		8328.40	1.450e-06	4.992e-03	1.838e-07	4	320
75		8434.89	1.450e-06	4.992e-03	1.714e-07	4	320
76		8551.42	1.449e-06	4.992e-03	1.523e-07	4	320
77		8667.74	1.449e-06	4.992e-03	1.103e-07	4	320
78		8792.46	1.447e-06	4.992e-03	7.300e-08	4	320
79		8903.97	1.447e-06	4.992e-03	3.193e-08	4	320
80		9024.62	1.446e-06	4.992e-03	3.265e-08	4	320
81		9146.69	1.446e-06	4.992e-03	3.265e-08	4	320
82		9288.81	1.445e-06	4.992e-03	3.357e-08	4	320
83		9404.59	1.445e-06	4.992e-03	3.364e-08	4	320
84		9530.80	1.445e-06	4.992e-03	3.370e-08	4	320
85		9632.61	1.445e-06	4.992e-03	3.389e-08	4	320
86		9764.00	1.443e-06	4.992e-03	2.425e-08	4	320
87		9884.47	1.442e-06	4.992e-03	1.782e-08	4	320
88		9998.87	1.441e-06	4.992e-03	1.824e-08	4	320
89		10128.90	1.439e-06	4.992e-03	1.050e-08	4	320
90		10260.20	1.439e-06	4.992e-03	1.113e-08	4	320
91		10432.75	1.435e-06	4.992e-03	1.415e-08	4	320
92		10616.34	1.435e-06	4.992e-03	1.354e-08	4	320
93		10808.53	1.435e-06	4.992e-03	1.184e-08	4	320
94		10970.35	1.435e-06	4.992e-03	1.222e-08	4	320
95		11150.85	1.434e-06	4.992e-03	1.243e-08	4	320
96		11337.81	1.434e-06	4.992e-03	1.270e-08	4	320
97		11537.53	1.432e-06	4.992e-03	1.357e-08	4	320
98		11727.46	1.430e-06	4.992e-03	1.495e-08	4	320
99		11916.99	1.430e-06	4.992e-03	1.526e-08	4	320
100		12098.87	1.426e-06	4.992e-03	1.912e-08	4	320
101		12202.12	1.426e-06	4.992e-03	1.683e-08	4	320
102		12317.92	1.425e-06	4.992e-03	1.653e-08	4	320
103		12441.47	1.424e-06	4.992e-03	1.736e-08	4	320
104		12559.34	1.424e-06	4.992e-03	1.523e-08	4	320
105		12693.68	1.423e-06	4.992e-03	1.532e-08	4	320
106		12854.77	1.423e-06	4.992e-03	1.230e-08	4	320
107		12976.86	1.421e-06	4.992e-03	1.414e-08	4	320
108		13105.01	1.420e-06	4.992e-03	1.528e-08	4	320
109		13228.50	1.418e-06	4.992e-03	1.718e-08	4	320
110		13355.43	1.417e-06	4.992e-03	1.646e-08	4	320
111		13479.98	1.417e-06	4.992e-03	1.692e-08	4	320
112		13604.58	1.416e-06	4.992e-03	1.609e-08	4	320
113		13726.69	1.416e-06	4.992e-03	1.465e-08	4	320
114		13846.89	1.415e-06	4.992e-03	1.528e-08	4	320
115		13969.47	1.412e-06	4.992e-03	1.417e-08	4	320
116		14109.42	1.412e-06	4.992e-03	1.417e-08	4	320
117		14233.04	1.408e-06	4.992e-03	1.717e-08	4	320
118		14354.66	1.407e-06	4.992e-03	1.704e-08	4	320
119		14483.26	1.407e-06	4.992e-03	1.704e-08	4	320
120		14611.24	1.407e-06	4.992e-03	1.632e-08	4	320
121		14749.60	1.407e-06	4.992e-03	1.596e-08	4	320
122		14873.17	1.406e-06	4.992e-03	1.483e-08	4	320
123		15006.80	1.406e-06	4.992e-03	1.369e-08	4	320
124		15133.55	1.405e-06	4.992e-03	1.274e-08	4	320
125		15268.97	1.405e-06	4.992e-03	1.252e-08	4	320
126		15397.83	1.405e-06	4.992e-03	1.179e-08	4	320
127		15525.80	1.405e-06	4.992e-03	1.083e-08	4	320
128		15657.08	1.405e-06	4.992e-03	1.083e-08	4	320
129		15791.57	1.404e-06	4.992e-03	1.079e-08	4	320
130		15920.09	1.404e-06	4.992e-03	7.844e-09	4	320
131		16049.14	1.404e-06	4.992e-03	7.916e-09	4	320
132		16183.87	1.404e-06	4.992e-03	4.213e-09	4	320
133		16317.36	1.402e-06	4.992e-03	4.591e-09	4	320
134		16440.75	1.402e-06	4.992e-03	4.652e-09	4	320
135		16558.46	1.400e-06	4.992e-03	7.147e-09	4	320
136		16683.07	1.394e-06	4.992e-03	1.303e-08	4	320
137		16812.39	1.394e-06	4.992e-03	1.232e-08	4	320
138		16938.16	1.394e-06	4.992e-03	1.232e-08	4	320
139		17061.06	1.393e-06	4.992e-03	1.220e-08	4	320
140		17192.84	1.393e-06	4.992e-03	1.220e-08	4	320
141		17316.45	1.393e-06	4.992e-03	1.220e-08	4	320
142		17440.80	1.393e-06	4.992e-03	1.220e-08	4	320
143		17564.91	1.393e-06	4.992e-03	1.220e-08	4	320
144		17699.31	1.393e-06	4.992e-03	1.123e-08	4	320
145		17829.15	1.393e-06	4.992e-03	1.123e-08	4	320
146		17964.86	1.393e-06	4.992e-03	1.116e-08	4	320
147		18095.36	1.393e-06	4.992e-03	1.116e-08	4	320
148		18224.78	1.393e-06	4.992e-03	9.653e-09	4	320
149		18363.69	1.393e-06	4.992e-03	9.591e-09	4	320
150		18493.95	1.393e-06	4.992e-03	7.096e-09	4	320
151		18617.63	1.393e-06	4.992e-03	1.209e-09	4	320
152		18735.30	1.393e-06	4.992e-03	1.209e-09	4	320
153		18876.22	1.393e-06	4.992e-03	1.209e-09	4	320
154		19012.71	1.393e-06	4.992e-03	0.000e+00	4	320
155		19142.18	1.393e-06	4.992e-03	0.000e+00	4	320
156		19274.81	1.393e-06	4.992e-03	0.000e+00	4	320
157		19403.51	1.393e-06	4.992e-03	0.000e+00	4	320
158		19536.73	1.393e-06	4.992e-03	0.000e+00	4	320
159		19673.45	1.393e-06	4.992e-03	0.000e+00	4	320
160		19817.62	1.393e-06	4.992e-03	0.000e+00	4	320
161		19948.85	1.393e-06	4.992e-03	0.000e+00	4	320
162		20076.83	1.393e-06	4.992e-03	0.000e+00	4	320
163		20196.43	1.393e-06	4.992e-03	0.000e+00	4	320
164		20328.44	1.393e-06	4.992e-03	0.000e+00	4	320
165		20465.78	1.393e-06	4.992e-03	0.000e+00	4	320
166		20607.19	1.393e-06	4.992e-03	0.000e+00	4	320
167		20739.53	1.393e-06	4.992e-03	0.000e+00	4	320
168		20868.43	1.393e-06	4.992e-03	0.000e+00	4	320
169		20998.88	1.393e-06	4.992e-03	0.000e+00	4	320
170		21121.99	1.393e-06	4.992e-03	0.000e+00	4	320
171		21175.29	1.393e-06	4.992e-03	0.000e+00	4	320
172		21230.33	1.393e-06	4.992e-03	0.000e+00	4	320
173		21293.21	1.393e-06	4.992e-03	0.000e+00	4	320
174		21347.46	1.393e-06	4.992e-03	0.000e+00	4	320
175		21401.92	1.393e-06	4.992e-03	0.000e+00	4	320
176		21460.55	1.393e-06	4.992e-03	0.000e+00	4	320
177		21519.14	1.393e-06	4.992e-03	0.000e+00	4	320
178		21577.14	1.393e-06	4.992e-03	0.000e+00	4	320
179		21639.15	1.393e-06	4.992e-03	0.000e+00	4	320
180		21694.87	1.393e-06	4.992e-03	0.000e+00	4	320
181		21753.06	1.393e-06	4.992e-03	0.000e+00	4	320
182		21811.17	1.393e-06	4.992e-03	0.000e+00	4	320
183		21870.32	1.393e-06	4.992e-03	0.000e+00	4	320
184		21926.98	1.393e-06	4.992e-03	0.000e+00	4	320
185		21985.96	1.393e-06	4.992e-03	0.000e+00	4	320
186		22046.30	1.393e-06	4.992e-03	0.000e+00	4	320
187		22105.96	1.393e-06	4.992e-03	0.000e+00	4	320
188		22168.31	1.393e-06	4.992e-03	0.000e+00	4	320
189		22229.27	1.393e-06	4.992e-03	0.000e+00	4	320
190		22285.32	1.389e-06	4.992e-03	3.934e-09	4	320
191		22341.90	1.389e-06	4.992e-03	3.934e-09	4	320
192		22401.75	1.389e-06	4.992e-03	3.934e-09	4	320
193		22460.92	1.389e-06	4.992e-03	3.934e-09	4	320
194		22515.82	1.389e-06	4.992e-03	3.934e-09	4	320
195		22574.85	1.389e-06	4.992e-03	3.934e-09	4	320
196		22632.53	1.389e-06	4.992e-03	3.934e-09	4	320
197		22691.97	1.389e-06	4.992e-03	3.934e-09	4	320
198		22750.39	1.389e-06	4.992e-03	3.934e-09	4	320
199		22804.93	1.387e-06	4.992e-03	5.271e-09	4	320
200		22870.82	1.387e-06	4.992e-03	5.271e-09	4	320
201		22927.12	1.387e-06	4.992e-03	5.271e-09	4	320
202		22987.61	1.387e-06	4.992e-03	5.271e-09	4	320
203		23044.37	1.387e-06	4.992e-03	5.271e-09	4	320
204		23104.75	1.387e-06	4.992e-03	5.271e-09	4	320
205		23159.89	1.387e-06	4.992e-03	1.337e-09	4	320
206		23218.44	1.385e-06	4.992e-03	4.174e-09	4	320
207		23278.11	1.385e-06	4.992e-03	4.174e-09	4	320
208		23339.18	1.385e-06	4.992e-03	4.174e-09	4	320
209		23399.16	1.385e-06	4.992e-03	4.174e-09	4	320
210		23459.49	1.385e-06	4.992e-03	4.174e-09	4	320
211		23516.77	1.385e-06	4.992e-03	4.174e-09	4	320
212		23575.45	1.385e-06	4.992e-03	4.174e-09	4	320
213		23637.50	1.385e-06	4.992e-03	4.174e-09	4	320
214		23696.87	1.385e-06	4.992e-03	2.837e-09	4	320
215		23756.30	1.385e-06	4.992e-03	2.837e-09	4	320
216		23814.62	1.385e-06	4.992e-03	2.837e-09	4	320
217		23874.81	1.385e-06	4.992e-03	2.837e-09	4	320
218		23932.39	1.385e-06	4.992e-03	2.837e-09	4	320
219		23994.58	1.385e-06	4.992e-03	2.837e-09	4	320
220		24054.42	1.385e-06	4.992e-03	2.837e-09	4	320
221		24110.31	1.385e-06	4.992e-03	0.000e+00	4	320
222		24172.49	1.385e-06	4.992e-03	0.000e+00	4	320
223		24231.56	1.385e-06	4.992e-03	0.000e+00	4	320
224		24292.21	1.385e-06	4.992e-03	0.000e+00	4	320
225		24350.71	1.385e-06	4.992e-03	0.000e+00	4	320
226		24408.16	1.385e-06	4.992e-03	0.000e+00	4	320
227		24470.92	1.385e-06	4.992e-03	0.000e+00	4	320
228		24532.50	1.385e-06	4.992e-03	0.000e+00	4	320
229		24591.05	1.385e-06	4.992e-03	0.000e+00	4	320
230		24648.84	1.385e-06	4.992e-03	0.000e+00	4	320
231		24707.42	1.384e-06	4.992e-03	4.820e-10	4	320
232		24764.25	1.384e-06	4.992e-03	4.820e-10	4	320
233		24825.51	1.384e-06	4.992e-03	4.820e-10	4	320
234		24886.40	1.384e-06	4.992e-03	4.820e-10	4	320
235		24944.89	1.384e-06	4.992e-03	4.820e-10	4	320
236		25005.67	1.384e-06	4.992e-03	4.820e-10	4	320
237		25062.47	1.384e-06	4.992e-03	4.820e-10	4	320
238		25123.64	1.384e-06	4.992e-03	4.820e-10	4	320
239		25183.03	1.384e-06	4.992e-03	4.820e-10	4	320
240		25244.60	1.384e-06	4.992e-03	4.820e-10	4	320
241		25302.78	1.384e-06	4.992e-03	4.820e-10	4	320
242		25361.98	1.384e-06	4.992e-03	4.820e-10	4	320
243		25418.61	1.384e-06	4.992e-03	4.820e-10	4	320
244		25478.23	1.380e-06	4.992e-03	4.254e-09	4	320
245		25533.65	1.380e-06	4.992e-03	4.254e-09	4	320
246		25591.90	1.380e-06	4.992e-03	3.772e-09	4	320
247		25651.40	1.380e-06	4.992e-03	3.772e-09	4	320
248		25708.50	1.380e-06	4.992e-03	3.772e-09	4	320
249		25767.87	1.380e-06	4.992e-03	3.772e-09	4	320
250		25822.55	1.380e-06	4.992e-03	3.772e-09	4	320
251		25882.01	1.380e-06	4.992e-03	3.772e-09	4	320
252		25944.56	1.380e-06	4.992e-03	3.772e-09	4	320
253		26003.74	1.380e-06	4.992e-03	3.772e-09	4	320
254		26065.68	1.380e-06	4.992e-03	3.772e-09	4	320
255		26123.89	1.380e-06	4.992e-03	3.772e-09	4	320
256		26179.50	1.380e-06	4.992e-03	3.772e-09	4	320
257		26240.90	1.380e-06	4.992e-03	3.772e-09	4	320
258		26299.82	1.380e-06	4.992e-03	3.772e-09	4	320
259		26357.51	1.380e-06	4.992e-03	0.000e+00	4	320
260		26422.70	1.380e-06	4.992e-03	0.000e+00	4	320
261		26492.81	1.380e-06	4.992e-03	0.000e+00	4	320
262		26551.16	1.380e-06	4.992e-03	0.000e+00	4	320
263		26607.07	1.380e-06	4.992e-03	0.000e+00	4	320
264		26666.98	1.380e-06	4.565e-03	0.000e+00	4	320
265		26726.87	1.380e-06	4.565e-03	0.000e+00	4	320
266		26788.57	1.380e-06	4.565e-03	0.000e+00	4	320
267		26849.50	1.380e-06	4.565e-03	0.000e+00	4	320
268		26908.79	1.380e-06	4.565e-03	0.000e+00	4	320
269		26969.67	1.380e-06	4.565e-03	0.000e+00	4	320
270		27027.31	1.380e-06	4.565e-03	0.000e+00	4	320
271		27086.64	1.380e-06	4.565e-03	0.000e+00	4	320
272		27149.74	1.380e-06	4.565e-03	0.000e+00	4	320
273		27210.45	1.380e-06	4.565e-03	0.000e+00	4	320
274		27269.69	1.380e-06	4.565e-03	0.000e+00	4	320
275		27325.90	1.380e-06	4.565e-03	0.000e+00	4	320
276		27384.03	1.380e-06	4.565e-03	0.000e+00	4	320
277		27445.07	1.380e-06	4.565e-03	0.000e+00	4	320
278		27502.51	1.380e-06	4.565e-03	0.000e+00	4	320
279		27557.84	1.380e-06	4.565e-03	0.000e+00	4	320
280		27618.71	1.380e-06	4.565e-03	0.000e+00	4	320
281		27677.53	1.380e-06	4.565e-03	0.000e+00	4	320
282		27738.61	1.380e-06	4.565e-03	0.000e+00	4	320
283		27794.85	1.380e-06	4.565e-03	0.000e+00	4	320
284		27856.76	1.380e-06	4.565e-03	0.000e+00	4	320
285		27917.93	1.380e-06	4.565e-03	0.000e+00	4	320
286		27979.13	1.380e-06	4.565e-03	0.000e+00	4	320
287		28043.84	1.380e-06	4.565e-03	0.000e+00	4	320
288		28099.66	1.380e-06	4.565e-03	0.000e+00	4	320
289		28162.87	1.380e-06	4.565e-03	0.000e+00	4	320
290		28221.32	1.380e-06	3.864e-03	0.000e+00	4	320
291		28280.32	1.380e-06	3.864e-03	0.000e+00	4	320
292		28343.23	1.380e-06	4.992e-03	0.000e+00	4	320
293		28402.24	1.380e-06	4.992e-03	0.000e+00	4	320
294		28460.10	1.380e-06	4.992e-03	0.000e+00	4	320
295		28515.66	1.380e-06	4.992e-03	0.000e+00	4	320
296		28574.53	1.380e-06	4.992e-03	0.000e+00	4	320
297		28631.30	1.380e-06	4.992e-03	0.000e+00	4	320
298		28692.61	1.380e-06	4.992e-03	0.000e+00	4	320
299		28751.96	1.380e-06	4.992e-03	0.000e+00	4	320
300		28812.01	1.380e-06	4.992e-03	0.000e+00	4	320
301		28872.57	1.380e-06	4.992e-03	0.000e+00	4	320
302		28932.22	1.380e-06	4.992e-03	0.000e+00	4	320
303		28991.04	1.380e-06	4.992e-03	0.000e+00	4	320
304		29052.48	1.380e-06	4.992e-03	0.000e+00	4	320
305		29109.65	1.380e-06	4.992e-03	0.000e+00	4	320
306		29166.13	1.380e-06	4.992e-03	0.000e+00	4	320
307		29222.99	1.380e-06	4.992e-03	0.000e+00	4	320
308		29280.77	1.380e-06	4.992e-03	0.000e+00	4	320
309		29336.07	1.380e-06	4.992e-03	0.000e+00	4	320
310		29400.17	1.380e-06	4.992e-03	0.000e+00	4	320
311		29458.58	1.380e-06	4.992e-03	0.000e+00	4	320
312		29520.88	1.380e-06	4.992e-03	0.000e+00	4	320
313		29578.96	1.380e-06	4.992e-03	0.000e+00	4	320
314		29634.27	1.380e-06	4.684e-03	0.000e+00	4	320
315		29692.10	1.380e-06	4.684e-03	0.000e+00	4	320
316		29751.95	1.380e-06	4.684e-03	0.000e+00	4	320
317		29810.99	1.380e-06	4.684e-03	0.000e+00	4	320
318		29871.78	1.380e-06	4.684e-03	0.000e+00	4	320
319		29928.00	1.380e-06	4.684e-03	0.000e+00	4	320
320		29988.68	1.380e-06	4.684e-03	0.000e+00	4	320
321		30043.14	1.380e-06	4.684e-03	0.000e+00	4	320
322		30101.26	1.380e-06	4.684e-03	0.000e+00	4	320
323		30158.96	1.380e-06	4.684e-03	0.000e+00	4	320
324		30221.93	1.380e-06	4.684e-03	0.000e+00	4	320
325		30281.85	1.380e-06	4.684e-03	0.000e+00	4	320
326		30341.06	1.380e-06	4.684e-03	0.000e+00	4	320
327		30396.30	1.380e-06	4.684e-03	0.000e+00	4	320
328		30454.05	1.380e-06	4.992e-03	0.000e+00	4	320
329		30518.33	1.380e-06	4.992e-03	0.000e+00	4	320
330		30575.71	1.380e-06	4.992e-03	0.000e+00	4	320
331		30636.12	1.380e-06	4.992e-03	0.000e+00	4	320
332		30697.88	1.380e-06	4.992e-03	0.000e+00	4	320
333		30754.34	1.380e-06	4.992e-03	0.000e+00	4	320
334		30811.78	1.380e-06	4.992e-03	0.000e+00	4	320
335		30871.18	1.380e-06	4.992e-03	0.000e+00	4	320
336		30927.27	1.380e-06	4.992e-03	0.000e+00	4	320
337		30993.46	1.380e-06	4.992e-03	0.000e+00	4	320
338		31054.19	1.380e-06	4.992e-03	0.000e+00	4	320
339		31111.02	1.380e-06	4.992e-03	3.862e-10	4	320
340		31167.71	1.380e-06	4.992e-03	3.862e-10	4	320
341		31223.03	1.380e-06	4.992e-03	3.862e-10	4	320
342		31283.86	1.380e-06	4.992e-03	3.862e-10	4	320
343		31344.91	1.380e-06	4.992e-03	3.862e-10	4	320
344		31402.96	1.380e-06	4.992e-03	3.862e-10	4	320
345		31465.23	1.380e-06	4.992e-03	3.862e-10	4	320
346		31527.92	1.380e-06	4.992e-03	3.862e-10	4	320
347		31582.08	1.380e-06	4.992e-03	3.862e-10	4	320
348		31640.65	1.380e-06	4.992e-03	3.862e-10	4	320
349		31703.07	1.380e-06	4.992e-03	3.862e-10	4	320
350		31758.79	1.380e-06	4.992e-03	3.862e-10	4	320
351		31820.91	1.380e-06	4.992e-03	3.862e-10	4	320
352		31879.62	1.380e-06	4.992e-03	3.862e-10	4	320
353		31934.15	1.380e-06	4.992e-03	3.862e-10	4	320
354		31991.33	1.380e-06	4.992e-03	0.000e+00	4	320
355		32052.25	1.380e-06	4.992e-03	0.000e+00	4	320
356		32113.84	1.380e-06	4.992e-03	0.000e+00	4	320
357		32172.43	1.380e-06	4.992e-03	0.000e+00	4	320
358		32225.86	1.380e-06	4.992e-03	0.000e+00	4	320
359		32285.94	1.380e-06	4.992e-03	0.000e+00	4	320
360		32345.49	1.380e-06	4.992e-03	0.000e+00	4	320
361		32401.30	1.380e-06	4.992e-03	0.000e+00	4	320
362		32462.94	1.380e-06	4.992e-03	0.000e+00	4	320
363		32521.86	1.380e-06	4.992e-03	0.000e+00	4	320
364		32577.99	1.380e-06	4.992e-03	0.000e+00	4	320
365		32636.26	1.380e-06	4.992e-03	0.000e+00	4	320
366		32696.12	1.380e-06	4.992e-03	0.000e+00	4	320
367		32757.91	1.380e-06	4.992e-03	0.000e+00	4	320
368		32815.27	1.380e-06	4.992e-03	0.000e+00	4	320
369		32877.35	1.380e-06	4.992e-03	0.000e+00	4	320
370		32936.60	1.380e-06	4.992e-03	0.000e+00	4	320
371		32995.32	1.380e-06	4.992e-03	0.000e+00	4	320
372		33053.70	1.380e-06	4.992e-03	0.000e+00	4	320
373		33112.54	1.380e-06	4.992e-03	0.000e+00	4	320
374		33173.39	1.380e-06	4.992e-03	0.000e+00	4	320
375		33229.05	1.380e-06	4.992e-03	0.000e+00	4	320
376		33285.60	1.380e-06	4.992e-03	0.000e+00	4	320
377		33347.61	1.380e-06	4.992e-03	0.000e+00	4	320
378		33406.09	1.380e-06	4.992e-03	0.000e+00	4	320
379		33466.26	1.380e-06	4.992e-03	0.000e+00	4	320
380		33528.58	1.380e-06	4.992e-03	0.000e+00	4	320
381		33586.69	1.380e-06	4.992e-03	0.000e+00	4	320
382		33649.00	1.380e-06	4.992e-03	0.000e+00	4	320
383		33710.75	1.380e-06	4.992e-03	0.000e+00	4	320
384		33770.65	1.380e-06	4.992e-03	0.000e+00	4	320
385		33830.09	1.380e-06	4.992e-03	0.000e+00	4	320
386		33888.19	1.380e-06	4.992e-03	0.000e+00	4	320
387		33949.63	1.380e-06	4.992e-03	5.987e-11	4	320
388		34010.30	1.380e-06	4.992e-03	5.987e-11	4	320
389		34069.15	1.380e-06	4.992e-03	5.987e-11	4	320
390		34126.78	1.380e-06	4.992e-03	5.987e-11	4	320
391		34185.53	1.380e-06	4.992e-03	5.987e-11	4	320
392		34245.41	1.380e-06	4.992e-03	5.987e-11	4	320
393		34301.81	1.380e-06	4.992e-03	5.987e-11	4	320
394		34362.84	1.380e-06	4.992e-03	5.987e-11	4	320
395		34420.15	1.380e-06	4.992e-03	5.987e-11	4	320
396		34477.05	1.380e-06	4.992e-03	5.987e-11	4	320
397		34536.91	1.380e-06	4.992e-03	5.987e-11	4	320
398		34598.28	1.380e-06	4.992e-03	5.987e-11	4	320
399		34659.01	1.380e-06	4.992e-03	5.987e-11	4	320
400		34715.58	1.380e-06	4.992e-03	5.987e-11	4	320
401		34774.34	1.380e-06	4.992e-03	5.987e-11	4	320
402		34835.50	1.380e-06	4.992e-03	0.000e+00	4	320
403		34893.42	1.380e-06	4.992e-03	0.000e+00	4	320
404		34950.86	1.380e-06	4.992e-03	0.000e+00	4	320
405		35009.86	1.380e-06	4.992e-03	0.000e+00	4	320
406		35071.65	1.380e-06	4.992e-03	0.000e+00	4	320
407		35129.29	1.380e-06	4.992e-03	0.000e+00	4	320
408		35190.49	1.380e-06	4.992e-03	0.000e+00	4	320
409		35250.60	1.380e-06	4.992e-03	0.000e+00	4	320
410		35309.79	1.380e-06	4.992e-03	0.000e+00	4	320
411		35366.30	1.380e-06	4.992e-03	0.000e+00	4	320
412		35429.39	1.380e-06	4.992e-03	0.000e+00	4	320
413		35486.74	1.380e-06	4.992e-03	0.000e+00	4	320
414		35543.07	1.380e-06	4.992e-03	0.000e+00	4	320
415		35601.56	1.380e-06	4.992e-03	0.000e+00	4	320
416		35662.11	1.380e-06	4.992e-03	0.000e+00	4	320
417		35718.54	1.380e-06	4.992e-03	0.000e+00	4	320
418		35777.17	1.380e-06	4.992e-03	0.000e+00	4	320
419		35835.70	1.380e-06	4.992e-03	0.000e+00	4	320
420		35891.76	1.380e-06	4.992e-03	0.000e+00	4	320
421		35949.95	1.380e-06	4.992e-03	0.000e+00	4	320
422		36007.64	1.380e-06	4.992e-03	0.000e+00	4	320
423		36069.23	1.380e-06	4.992e-03	0.000e+00	4	320
424		36126.55	1.380e-06	4.992e-03	0.000e+00	4	320
425		36186.17	1.377e-06	4.992e-03	2.416e-09	4	320
426		36240.68	1.377e-06	4.992e-03	2.416e-09	4	320
427		36299.50	1.377e-06	4.992e-03	2.416e-09	4	320
428		36358.83	1.377e-06	4.992e-03	2.416e-09	4	320
429		36418.87	1.377e-06	4.992e-03	2.416e-09	4	320
430		36479.34	1.377e-06	4.992e-03	2.416e-09	4	320
431		36542.28	1.377e-06	4.992e-03	2.416e-09	4	320
432		36600.80	1.377e-06	4.992e-03	2.416e-09	4	320
433		36659.86	1.377e-06	4.992e-03	2.416e-09	4	320
434		36719.10	1.377e-06	4.992e-03	2.416e-09	4	320
435		36776.66	1.377e-06	4.992e-03	2.416e-09	4	320
436		36833.24	1.377e-06	4.991e-03	2.416e-09	4	320
437		36892.18	1.377e-06	4.991e-03	2.416e-09	4	320
438		36952.38	1.377e-06	4.991e-03	2.416e-09	4	320
439		37011.47	1.377e-06	4.991e-03	2.416e-09	4	320
440		37070.19	1.377e-06	4.991e-03	0.000e+00	4	320
441		37126.14	1.377e-06	4.991e-03	0.000e+00	4	320
442		37183.66	1.377e-06	4.991e-03	0.000e+00	4	320
443		37245.50	1.377e-06	4.991e-03	0.000e+00	4	320
444		37301.98	1.377e-06	4.991e-03	0.000e+00	4	320
445		37357.69	1.377e-06	4.991e-03	0.000e+00	4	320
446		37414.78	1.377e-06	4.991e-03	0.000e+00	4	320
447		37482.81	1.377e-06	4.991e-03	0.000e+00	4	320
448		37540.59	1.377e-06	4.991e-03	0.000e+00	4	320
449		37595.51	1.377e-06	4.991e-03	0.000e+00	4	320
450		37654.58	1.377e-06	4.992e-03	1.759e-10	4	320
451		37715.07	1.377e-06	4.992e-03	1.759e-10	4	320
452		37771.47	1.377e-06	4.992e-03	1.759e-10	4	320
453		37828.41	1.377e-06	4.992e-03	1.759e-10	4	320
454		37886.11	1.377e-06	4.992e-03	1.759e-10	4	320
455		37941.88	1.377e-06	4.992e-03	1.759e-10	4	320
456		38002.08	1.377e-06	4.992e-03	1.759e-10	4	320
457		38059.74	1.377e-06	4.992e-03	1.759e-10	4	320
458		38120.36	1.377e-06	4.992e-03	1.759e-10	4	320
459		38176.94	1.377e-06	4.992e-03	1.759e-10	4	320
460		38234.05	1.376e-06	4.992e-03	1.134e-09	4	320
461		38294.28	1.376e-06	4.992e-03	1.134e-09	4	320
462		38350.90	1.375e-06	4.992e-03	2.109e-09	4	320
463		38407.18	1.375e-06	4.992e-03	2.109e-09	4	320
464		38464.64	1.375e-06	4.992e-03	2.109e-09	4	320
465		38523.79	1.375e-06	4.992e-03	1.933e-09	4	320
466		38584.07	1.375e-06	4.992e-03	1.933e-09	4	320
467		38640.43	1.375e-06	4.992e-03	1.933e-09	4	320
468		38694.29	1.375e-06	4.992e-03	1.933e-09	4	320
469		38755.72	1.375e-06	4.992e-03	1.933e-09	4	320
470		38818.84	1.375e-06	4.992e-03	1.933e-09	4	320
471		38875.05	1.375e-06	4.992e-03	1.933e-09	4	320
472		38934.94	1.375e-06	4.992e-03	1.933e-09	4	320
473		38994.48	1.375e-06	4.992e-03	1.933e-09	4	320
474		39055.93	1.375e-06	4.992e-03	1.933e-09	4	320
475		39114.69	1.375e-06	4.992e-03	9.746e-10	4	320
476		39171.11	1.375e-06	4.992e-03	9.746e-10	4	320
477		39228.25	1.375e-06	4.992e-03	0.000e+00	4	320
478		39286.22	1.375e-06	4.992e-03	0.000e+00	4	320
479		39343.53	1.375e-06	4.992e-03	0.000e+00	4	320
480		39397.65	1.375e-06	4.992e-03	0.000e+00	4	320
481		39456.28	1.375e-06	4.992e-03	0.000e+00	4	320
482		39512.60	1.375e-06	4.992e-03	0.000e+00	4	320
483		39571.60	1.374e-06	4.992e-03	1.138e-09	4	320
484		39630.65	1.374e-06	4.992e-03	1.138e-09	4	320
485		39689.24	1.373e-06	4.992e-03	2.818e-09	4	320
486		39744.67	1.373e-06	4.992e-03	2.818e-09	4	320
487		39799.47	1.373e-06	4.992e-03	2.818e-09	4	320
488		39857.95	1.373e-06	4.992e-03	2.818e-09	4	320
489		39914.60	1.373e-06	4.992e-03	2.818e-09	4	320
490		39971.54	1.373e-06	4.992e-03	2.818e-09	4	320
491		40031.83	1.373e-06	4.992e-03	2.818e-09	4	320
492		40090.26	1.373e-06	4.992e-03	2.818e-09	4	320
493		40152.47	1.373e-06	4.771e-03	2.818e-09	4	320
494		40212.62	1.373e-06	4.771e-03	2.818e-09	4	320
495		40269.99	1.373e-06	4.771e-03	2.818e-09	4	320
496		40333.49	1.373e-06	4.771e-03	2.818e-09	4	320
497		40393.67	1.373e-06	4.771e-03	2.818e-09	4	320
498		40452.82	1.373e-06	4.771e-03	1.680e-09	4	320
499		40512.13	1.373e-06	4.771e-03	1.680e-09	4	320
500		40572.50	1.373e-06	4.771e-03	0.000e+00	4	320
501		40631.91	1.373e-06	4.771e-03	0.000e+00	4	320
502		40688.59	1.373e-06	4.771e-03	0.000e+00	4	320
503		40746.72	1.373e-06	4.771e-03	0.000e+00	4	320
504		40806.11	1.373e-06	4.771e-03	0.000e+00	4	320
505		40864.22	1.373e-06	4.771e-03	0.000e+00	4	320
506		40920.00	1.371e-06	4.771e-03	1.469e-09	4	320
507		40978.71	1.371e-06	4.771e-03	1.469e-09	4	320
508		41035.14	1.371e-06	4.771e-03	1.469e-09	4	320
509		41096.94	1.371e-06	4.771e-03	1.469e-09	4	320
510		41153.48	1.371e-06	4.771e-03	1.469e-09	4	320
511		41212.37	1.371e-06	4.771e-03	1.469e-09	4	320
512		41270.47	1.371e-06	4.771e-03	1.469e-09	4	320
513		41329.44	1.371e-06	4.771e-03	1.469e-09	4	320
514		41394.14	1.371e-06	4.771e-03	1.469e-09	4	320
515		41452.69	1.371e-06	4.771e-03	1.469e-09	4	320
516		41510.54	1.371e-06	4.771e-03	1.469e-09	4	320
517		41567.52	1.371e-06	4.771e-03	1.469e-09	4	320
518		41626.77	1.371e-06	4.771e-03	1.469e-09	4	320
519		41685.88	1.371e-06	4.771e-03	1.469e-09	4	320
520		41741.29	1.371e-06	4.771e-03	1.469e-09	4	320
521		41800.02	1.371e-06	4.771e-03	0.000e+00	4	320
522		41858.13	1.371e-06	4.771e-03	0.000e+00	4	320
523		41917.55	1.371e-06	4.771e-03	0.000e+00	4	320
524		41975.60	1.371e-06	4.771e-03	0.000e+00	4	320
525		42040.60	1.371e-06	4.771e-03	0.000e+00	4	320
526		42093.71	1.371e-06	4.771e-03	0.000e+00	4	320
527		42147.93	1.371e-06	4.771e-03	0.000e+00	4	320
528		42209.53	1.371e-06	4.771e-03	0.000e+00	4	320
529		42268.32	1.371e-06	4.771e-03	0.000e+00	4	320
530		42327.79	1.371e-06	4.771e-03	0.000e+00	4	320
531		42386.97	1.371e-06	4.771e-03	0.000e+00	4	320
532		42441.27	1.371e-06	4.771e-03	0.000e+00	4	320
533		42498.35	1.371e-06	4.771e-03	0.000e+00	4	320
534		42560.95	1.371e-06	4.771e-03	0.000e+00	4	320
535		42620.82	1.371e-06	4.771e-03	0.000e+00	4	320
536		42683.69	1.371e-06	4.771e-03	0.000e+00	4	320
537		42746.29	1.371e-06	4.771e-03	0.000e+00	4	320
538		42804.12	1.371e-06	4.771e-03	0.000e+00	4	320
539		42864.99	1.371e-06	4.771e-03	0.000e+00	4	320
540		42928.36	1.371e-06	4.771e-03	0.000e+00	4	320
541		42985.55	1.371e-06	4.771e-03	0.000e+00	4	320
542		43045.35	1.371e-06	4.771e-03	0.000e+00	4	320
543		43105.19	1.371e-06	4.771e-03	0.000e+00	4	320
544		43162.69	1.371e-06	4.771e-03	0.000e+00	4	320
545		43218.89	1.371e-06	4.771e-03	0.000e+00	4	320
546		43277.46	1.371e-06	4.771e-03	0.000e+00	4	320
547		43336.34	1.371e-06	4.771e-03	0.000e+00	4	320
548		43394.53	1.370e-06	4.771e-03	1.478e-09	4	320
549		43454.50	1.370e-06	4.771e-03	1.478e-09	4	320
550		43516.19	1.370e-06	4.771e-03	1.478e-09	4	320
551		43578.94	1.370e-06	4.771e-03	1.478e-09	4	320
552		43639.41	1.370e-06	4.771e-03	1.478e-09	4	320
553		43698.10	1.370e-06	4.771e-03	1.478e-09	4	320
554		43755.49	1.370e-06	4.771e-03	1.478e-09	4	320
555		43813.50	1.370e-06	4.771e-03	1.478e-09	4	320
556		43869.79	1.370e-06	4.771e-03	1.478e-09	4	320
557		43924.79	1.370e-06	4.771e-03	1.478e-09	4	320
558		43984.14	1.369e-06	4.771e-03	2.479e-09	4	320
559		44041.20	1.369e-06	4.771e-03	2.479e-09	4	320
560		44095.67	1.367e-06	4.771e-03	3.766e-09	4	320
561		44155.86	1.367e-06	4.771e-03	3.766e-09	4	320
562		44215.37	1.367e-06	4.771e-03	3.766e-09	4	320
563		44272.10	1.367e-06	4.771e-03	2.289e-09	4	320
564		44331.68	1.367e-06	4.771e-03	2.289e-09	4	320
565		44385.83	1.367e-06	4.771e-03	2.289e-09	4	320
566		44447.19	1.367e-06	4.771e-03	2.289e-09	4	320
567		44504.63	1.367e-06	4.771e-03	2.289e-09	4	320
568		44562.60	1.367e-06	4.771e-03	2.289e-09	4	320
569		44620.13	1.367e-06	4.771e-03	2.289e-09	4	320
570		44677.88	1.367e-06	4.771e-03	2.289e-09	4	320
571		44741.91	1.367e-06	4.771e-03	2.289e-09	4	320
572		44798.37	1.367e-06	4.771e-03	2.289e-09	4	320
573		44856.58	1.367e-06	4.771e-03	1.288e-09	4	320
574		44919.51	1.367e-06	4.771e-03	1.288e-09	4	320
575		44977.87	1.367e-06	4.771e-03	0.000e+00	4	320
576		45033.47	1.367e-06	4.771e-03	9.784e-11	4	320
577		45090.98	1.367e-06	4.771e-03	9.784e-11	4	320
578		45151.07	1.367e-06	4.771e-03	9.784e-11	4	320
579		45210.83	1.367e-06	4.771e-03	9.784e-11	4	320
580		45271.08	1.367e-06	4.771e-03	9.784e-11	4	320
581		45330.19	1.367e-06	4.771e-03	9.784e-11	4	320
582		45388.53	1.367e-06	4.771e-03	9.784e-11	4	320
583		45445.32	1.367e-06	4.771e-03	9.784e-11	4	320
584		45505.52	1.367e-06	4.771e-03	9.784e-11	4	320
585		45564.29	1.367e-06	4.771e-03	9.784e-11	4	320
586		45624.88	1.367e-06	4.771e-03	9.784e-11	4	320
587		45680.11	1.367e-06	4.771e-03	9.784e-11	4	320
588		45737.26	1.367e-06	4.771e-03	9.784e-11	4	320
589		45796.99	1.367e-06	4.771e-03	9.784e-11	4	320
590		45854.68	1.367e-06	4.771e-03	9.784e-11	4	320
591		45916.03	1.367e-06	4.771e-03	0.000e+00	4	320
592		45979.37	1.367e-06	4.771e-03	0.000e+00	4	320
593		46036.69	1.367e-06	4.771e-03	0.000e+00	4	320
594		46095.25	1.367e-06	4.771e-03	0.000e+00	4	320
595		46154.02	1.367e-06	4.771e-03	0.000e+00	4	320
596		46213.10	1.366e-06	4.771e-03	8.375e-10	4	320
597		46277.74	1.366e-06	4.771e-03	8.375e-10	4	320
598		46334.78	1.366e-06	4.771e-03	8.375e-10	4	320
599		46388.74	1.366e-06	4.771e-03	8.375e-10	4	320
600		46445.87	1.365e-06	4.771e-03	2.211e-09	4	320
601		46503.64	1.365e-06	4.771e-03	2.211e-09	4	320
602		46564.76	1.365e-06	4.771e-03	2.211e-09	4	320
603		46621.31	1.365e-06	4.771e-03	2.211e-09	4	320
604		46681.57	1.365e-06	4.771e-03	2.211e-09	4	320
605		46741.34	1.365e-06	4.771e-03	2.211e-09	4	320
606		46800.56	1.365e-06	4.771e-03	2.211e-09	4	320
607		46854.83	1.365e-06	4.771e-03	2.211e-09	4	320
608		46917.96	1.365e-06	4.771e-03	2.211e-09	4	320
609		46978.98	1.365e-06	4.771e-03	2.211e-09	4	320
610		47037.75	1.365e-06	4.771e-03	2.211e-09	4	320
611		47099.07	1.365e-06	4.771e-03	1.373e-09	4	320
612		47155.88	1.365e-06	4.771e-03	1.373e-09	4	320
613		47212.51	1.365e-06	4.771e-03	1.373e-09	4	320
614		47268.66	1.363e-06	4.771e-03	3.254e-09	4	320
615		47329.19	1.363e-06	4.771e-03	1.880e-09	4	320
616		47390.66	1.363e-06	4.771e-03	1.880e-09	4	320
617		47447.68	1.363e-06	4.771e-03	1.880e-09	4	320
618		47502.02	1.363e-06	4.771e-03	1.880e-09	4	320
619		47559.35	1.363e-06	4.771e-03	1.880e-09	4	320
620		47615.85	1.363e-06	4.771e-03	1.880e-09	4	320
621		47673.50	1.363e-06	4.771e-03	1.880e-09	4	320
622		47729.74	1.361e-06	4.771e-03	3.929e-09	4	320
623		47791.32	1.361e-06	4.771e-03	3.929e-09	4	320
624		47846.70	1.361e-06	4.771e-03	3.929e-09	4	320
625		47904.00	1.361e-06	4.771e-03	3.929e-09	4	320
626		47961.85	1.361e-06	4.771e-03	3.929e-09	4	320
627		48015.26	1.361e-06	4.771e-03	3.929e-09	4	320
628		48072.59	1.361e-06	4.771e-03	3.929e-09	4	320
629		48130.70	1.361e-06	4.771e-03	2.049e-09	4	320
630		48187.01	1.361e-06	4.771e-03	2.049e-09	4	320
631		48245.70	1.361e-06	4.771e-03	2.527e-09	4	320
632		48307.57	1.361e-06	4.771e-03	2.527e-09	4	320
633		48362.90	1.361e-06	4.771e-03	2.527e-09	4	320
634		48421.65	1.361e-06	4.771e-03	2.527e-09	4	320
635		48478.90	1.361e-06	4.771e-03	2.527e-09	4	320
636		48539.41	1.361e-06	4.771e-03	2.527e-09	4	320
637		48596.29	1.361e-06	4.771e-03	4.784e-10	4	320
638		48657.31	1.361e-06	4.771e-03	4.784e-10	4	320
639		48714.66	1.359e-06	4.771e-03	1.544e-09	4	320
640		48775.44	1.359e-06	4.771e-03	1.544e-09	4	320
641		48833.72	1.359e-06	4.771e-03	1.544e-09	4	320
642		48890.35	1.359e-06	4.771e-03	1.544e-09	4	320
643		48951.66	1.359e-06	4.771e-03	1.544e-09	4	320
644		49012.19	1.359e-06	4.771e-03	1.544e-09	4	320
645		49070.79	1.359e-06	4.771e-03	1.544e-09	4	320
646		49129.02	1.359e-06	4.771e-03	1.066e-09	4	320
647		49190.35	1.359e-06	4.771e-03	1.066e-09	4	320
648		49257.00	1.359e-06	4.771e-03	1.066e-09	4	320
649		49314.65	1.359e-06	4.771e-03	1.066e-09	4	320
650		49368.80	1.359e-06	4.771e-03	1.066e-09	4	320
651		49430.36	1.359e-06	4.771e-03	1.066e-09	4	320
652		49488.38	1.359e-06	4.771e-03	1.066e-09	4	320
653		49549.39	1.358e-06	4.771e-03	2.509e-09	4	320
654		49608.46	1.358e-06	4.771e-03	1.443e-09	4	320
655		49667.29	1.358e-06	4.771e-03	1.443e-09	4	320
656		49726.96	1.358e-06	4.771e-03	1.443e-09	4	320
657		49788.27	1.358e-06	4.771e-03	1.443e-09	4	320
658		49847.93	1.358e-06	4.771e-03	1.443e-09	4	320
659		49903.21	1.356e-06	4.771e-03	3.681e-09	4	320
660		49967.31	1.356e-06	4.771e-03	3.681e-09	4	320
661		50023.93	1.356e-06	4.771e-03	3.681e-09	4	320
662		50082.48	1.356e-06	4.771e-03	3.681e-09	4	320
663		50141.17	1.356e-06	4.771e-03	3.681e-09	4	320
664		50199.31	1.356e-06	4.771e-03	3.924e-09	4	320
665		50263.54	1.356e-06	4.771e-03	3.924e-09	4	320
666		50329.85	1.356e-06	4.771e-03	3.924e-09	4	320
667		50390.86	1.356e-06	4.771e-03	3.924e-09	4	320
668		50447.09	1.356e-06	4.771e-03	2.482e-09	4	320
669		50504.65	1.355e-06	4.771e-03	2.566e-09	4	320
670		50565.35	1.355e-06	4.771e-03	2.566e-09	4	320
671		50625.52	1.355e-06	4.771e-03	2.853e-09	4	320
672		50688.25	1.355e-06	4.771e-03	2.853e-09	4	320
673		50749.74	1.355e-06	4.771e-03	2.853e-09	4	320
674		50806.41	1.355e-06	4.771e-03	6.153e-10	4	320
675		50861.99	1.355e-06	4.771e-03	6.153e-10	4	320
676		50922.64	1.355e-06	4.771e-03	6.153e-10	4	320
677		50979.24	1.355e-06	4.771e-03	6.153e-10	4	320
678		51036.83	1.355e-06	4.771e-03	6.153e-10	4	320
679		51098.75	1.355e-06	4.771e-03	3.717e-10	4	320
680		51158.89	1.355e-06	4.771e-03	3.717e-10	4	320
681		51215.55	1.355e-06	4.771e-03	3.717e-10	4	320
682		51273.64	1.355e-06	4.771e-03	3.717e-10	4	320
683		51335.11	1.355e-06	4.771e-03	3.717e-10	4	320
684		51393.42	1.355e-06	4.771e-03	2.869e-10	4	320
685		51451.48	1.355e-06	4.771e-03	2.869e-10	4	320
686		51511.61	1.355e-06	4.771e-03	0.000e+00	4	320
687		51569.92	1.355e-06	4.771e-03	0.000e+00	4	320
688		51630.17	1.355e-06	4.771e-03	0.000e+00	4	320
689		51686.86	1.355e-06	4.771e-03	0.000e+00	4	320
690		51743.30	1.355e-06	4.771e-03	0.000e+00	4	320
691		51799.55	1.355e-06	4.771e-03	0.000e+00	4	320
692		51860.94	1.354e-06	4.771e-03	1.598e-09	4	320
693		51921.57	1.354e-06	4.771e-03	1.598e-09	4	320
694		51983.16	1.354e-06	4.771e-03	1.598e-09	4	320
695		52042.22	1.354e-06	4.771e-03	1.598e-09	4	320
696		52102.86	1.354e-06	4.771e-03	1.598e-09	4	320
697		52161.13	1.354e-06	4.771e-03	1.598e-09	4	320
698		52224.50	1.354e-06	4.771e-03	1.598e-09	4	320
699		52279.02	1.354e-06	4.771e-03	1.598e-09	4	320
700		52339.71	1.354e-06	4.771e-03	1.598e-09	4	320
701		52400.42	1.354e-06	4.771e-03	1.598e-09	4	320
702		52461.68	1.354e-06	4.771e-03	1.598e-09	4	320
703		52523.51	1.354e-06	4.771e-03	1.598e-09	4	320
704		52583.60	1.354e-06	4.771e-03	1.598e-09	4	320
705		52640.99	1.354e-06	4.771e-03	1.598e-09	4	320
706		52701.10	1.354e-06	4.771e-03	1.598e-09	4	320
707		52758.65	1.354e-06	4.771e-03	0.000e+00	4	320
708		52813.46	1.354e-06	4.771e-03	0.000e+00	4	320
709		52877.44	1.354e-06	4.771e-03	0.000e+00	4	320
710		52936.32	1.354e-06	4.771e-03	0.000e+00	4	320
711		52994.95	1.354e-06	4.014e-03	0.000e+00	4	320
712		53054.54	1.354e-06	4.014e-03	0.000e+00	4	320
713		53112.78	1.353e-06	4.014e-03	6.700e-10	4	320
714		53170.94	1.353e-06	4.014e-03	6.700e-10	4	320
715		53230.67	1.353e-06	4.014e-03	6.700e-10	4	320
716		53286.01	1.353e-06	4.014e-03	6.700e-10	4	320
717		53347.91	1.353e-06	4.014e-03	6.700e-10	4	320
718		53405.10	1.353e-06	4.014e-03	6.700e-10	4	320
719		53464.73	1.353e-06	4.014e-03	6.700e-10	4	320
720		53526.10	1.353e-06	4.014e-03	6.700e-10	4	320
721		53585.81	1.353e-06	4.014e-03	6.700e-10	4	320
722		53645.34	1.353e-06	4.014e-03	6.700e-10	4	320
723		53701.85	1.353e-06	4.014e-03	6.700e-10	4	320
724		53761.81	1.353e-06	4.014e-03	6.700e-10	4	320
725		53823.32	1.353e-06	4.014e-03	6.700e-10	4	320
726		53882.70	1.353e-06	4.014e-03	6.700e-10	4	320
727		53934.13	1.353e-06	4.014e-03	6.700e-10	4	320
728		53997.67	1.352e-06	4.014e-03	5.855e-10	4	320
729		54064.79	1.352e-06	4.014e-03	5.855e-10	4	320
730		54123.77	1.352e-06	4.014e-03	5.855e-10	4	320
731		54183.48	1.352e-06	4.014e-03	5.855e-10	4	320
732		54241.24	1.352e-06	4.014e-03	5.855e-10	4	320
733		54298.13	1.352e-06	4.014e-03	5.855e-10	4	320
734		54356.31	1.352e-06	4.014e-03	5.855e-10	4	320
735		54413.95	1.352e-06	4.014e-03	5.855e-10	4	320
736		54474.32	1.352e-06	4.014e-03	5.855e-10	4	320
737		54531.85	1.352e-06	4.014e-03	5.855e-10	4	320
738		54589.11	1.352e-06	4.076e-03	5.855e-10	4	320
739		54646.10	1.352e-06	4.076e-03	5.855e-10	4	320
740		54709.05	1.352e-06	4.076e-03	5.855e-10	4	320
741		54771.39	1.352e-06	4.673e-03	5.855e-10	4	320
742		54830.09	1.352e-06	4.673e-03	5.855e-10	4	320
743		54894.38	1.352e-06	4.673e-03	0.000e+00	4	320
744		54951.95	1.352e-06	4.673e-03	0.000e+00	4	320
745		55012.64	1.352e-06	4.673e-03	0.000e+00	4	320
746		55073.41	1.352e-06	4.673e-03	0.000e+00	4	320
747		55131.83	1.352e-06	4.759e-03	0.000e+00	4	320
748		55189.11	1.352e-06	4.759e-03	0.000e+00	4	320
749		55248.64	1.352e-06	4.759e-03	0.000e+00	4	320
750		55307.39	1.352e-06	4.759e-03	1.937e-10	4	320
751		55367.29	1.352e-06	4.759e-03	1.937e-10	4	320
752		55424.47	1.352e-06	4.759e-03	1.937e-10	4	320
753		55483.00	1.352e-06	4.759e-03	1.937e-10	4	320
754		55541.09	1.352e-06	4.759e-03	1.937e-10	4	320
755		55599.22	1.352e-06	4.759e-03	4.838e-10	4	320
756		55660.72	1.352e-06	4.759e-03	4.838e-10	4	320
757		55714.65	1.352e-06	4.759e-03	4.838e-10	4	320
758		55773.46	1.352e-06	4.759e-03	4.838e-10	4	320
759		55828.58	1.352e-06	4.759e-03	4.838e-10	4	320
760		55886.32	1.352e-06	4.759e-03	7.576e-10	4	320
761		55945.68	1.352e-06	4.759e-03	7.576e-10	4	320
762		56007.12	1.352e-06	4.759e-03	7.576e-10	4	320
763		56066.11	1.352e-06	4.759e-03	7.576e-10	4	320
764		56124.52	1.351e-06	4.759e-03	1.474e-09	4	320
765		56182.16	1.350e-06	4.819e-03	2.330e-09	4	320
766		56244.02	1.350e-06	4.819e-03	2.330e-09	4	320
767		56300.72	1.349e-06	4.819e-03	2.902e-09	4	320
768		56362.27	1.349e-06	4.819e-03	2.902e-09	4	320
769		56419.36	1.349e-06	4.819e-03	2.902e-09	4	320
770		56474.08	1.349e-06	4.819e-03	2.612e-09	4	320
771		56537.35	1.349e-06	4.819e-03	2.612e-09	4	320
772		56596.81	1.349e-06	4.819e-03	3.312e-09	4	320
773		56652.49	1.349e-06	4.819e-03	3.312e-09	4	320
774		56708.77	1.349e-06	4.819e-03	3.312e-09	4	320
775		56769.43	1.349e-06	4.819e-03	3.038e-09	4	320
776		56832.17	1.349e-06	4.819e-03	3.038e-09	4	320
777		56890.49	1.349e-06	4.819e-03	3.038e-09	4	320
778		56948.17	1.349e-06	4.819e-03	3.038e-09	4	320
779		57005.07	1.349e-06	4.819e-03	2.322e-09	4	320
780		57067.55	1.349e-06	4.819e-03	1.272e-09	4	320
781		57125.06	1.349e-06	4.819e-03	1.272e-09	4	320
782		57181.77	1.349e-06	4.819e-03	7.001e-10	4	320
783		57243.99	1.349e-06	4.819e-03	7.001e-10	4	320
784		57304.80	1.349e-06	4.819e-03	7.001e-10	4	320
785		57362.97	1.349e-06	4.819e-03	7.001e-10	4	320
786		57420.31	1.349e-06	4.819e-03	7.001e-10	4	320
787		57480.64	1.349e-06	4.819e-03	0.000e+00	4	320
788		57541.01	1.349e-06	4.819e-03	0.000e+00	4	320
789		57601.88	1.349e-06	4.819e-03	0.000e+00	4	320
790		57660.49	1.349e-06	4.819e-03	0.000e+00	4	320
791		57728.33	1.349e-06	4.819e-03	0.000e+00	4	320
792		57785.62	1.349e-06	4.819e-03	0.000e+00	4	320
793		57844.95	1.349e-06	4.819e-03	0.000e+00	4	320
794		57903.29	1.349e-06	4.819e-03	0.000e+00	4	320
795		57963.35	1.349e-06	4.819e-03	0.000e+00	4	320
796		58023.81	1.349e-06	4.819e-03	0.000e+00	4	320
797		58080.84	1.349e-06	4.819e-03	0.000e+00	4	320
798		58142.41	1.349e-06	4.819e-03	0.000e+00	4	320
799		58202.41	1.349e-06	4.819e-03	0.000e+00	4	320
800		58263.74	1.349e-06	4.819e-03	0.000e+00	4	320
801		58322.33	1.348e-06	4.819e-03	3.692e-10	4	320
802		58382.47	1.348e-06	4.819e-03	3.692e-10	4	320
803		58442.57	1.348e-06	4.819e-03	3.692e-10	4	320
804		58498.73	1.348e-06	4.022e-03	3.692e-10	4	320
805		58558.93	1.348e-06	4.022e-03	3.692e-10	4	320
806		58618.07	1.348e-06	4.022e-03	3.692e-10	4	320
807		58674.49	1.348e-06	4.022e-03	3.692e-10	4	320
808		58732.31	1.348e-06	4.082e-03	3.692e-10	4	320
809		58792.91	1.348e-06	4.082e-03	3.692e-10	4	320
810		58856.30	1.348e-06	4.082e-03	3.692e-10	4	320
811		58915.53	1.348e-06	4.082e-03	5.150e-10	4	320
812		58973.68	1.348e-06	4.082e-03	5.150e-10	4	320
813		59032.71	1.348e-06	4.082e-03	5.150e-10	4	320
814		59088.78	1.348e-06	4.082e-03	8.583e-10	4	320
815		59153.88	1.348e-06	4.082e-03	8.583e-10	4	320
816		59213.67	1.348e-06	4.022e-03	4.890e-10	4	320
817		59274.06	1.348e-06	4.022e-03	5.229e-10	4	320
818		59330.65	1.348e-06	4.022e-03	5.229e-10	4	320
819		59389.90	1.348e-06	4.022e-03	5.229e-10	4	320
820		59453.73	1.348e-06	4.022e-03	5.229e-10	4	320
821		59516.25	1.348e-06	4.022e-03	5.229e-10	4	320
822		59577.24	1.348e-06	4.022e-03	5.229e-10	4	320
823		59636.93	1.347e-06	4.022e-03	1.221e-09	4	320
824		59700.02	1.347e-06	4.022e-03	1.221e-09	4	320
825		59759.94	1.347e-06	4.022e-03	1.221e-09	4	320
826		59821.68	1.347e-06	4.022e-03	1.075e-09	4	320
827		59881.83	1.347e-06	4.022e-03	1.075e-09	4	320
828		59938.29	1.346e-06	4.022e-03	1.842e-09	4	320
829		59998.41	1.346e-06	4.022e-03	1.498e-09	4	320
830		60056.66	1.345e-06	4.508e-03	2.424e-09	4	320
A	 = 3.55e+12,
C0	 = 1.0,0.0,
Cpa	 = 3278.699939439264,1850.9532541654419,
E	 = 1.30e+05,
Hp	 = 192076.7154341692,
K	 = 15807.079433098479,0.0,
Value	 = 1.345257997220656e-06,
eps	 = 0.612423301809614,0.6629195607278316,
ka	 = 0.6127463095391954,0.33543379781633703,
n	 = 1.4379483534095847,
nO2	 = 0.0,
rho	 = 1683.0,1235.0,
Results saved to C:\Users\Fyang\Workspace\optimization\cases\config\E_Glass\../../results/E_Glass/E_Glass-400Deviation_solution.txt
