C:\Users\Fyang\Workspace\optimization\cases\config\E_Glass\../../results/E_Glass/E_Glass-20Deviation Log file
!!python/object/apply:collections.defaultdict
args:
- !!python/name:builtins.bool ''
dictitems:
  Duraboard:
    CprampF:
    - 1.0
    - 1.0
    CprampT:
    - 0
    - 5000
    eps: 0.8
    krampF:
    - 0.075932
    - 0.090229
    - 0.104522
    - 0.122143
    - 0.14158
    - 0.163436
    - 0.190738
    - 0.221975
    krampT:
    - 203.035
    - 317.4028
    - 426.9164
    - 536.4182
    - 647.3003
    - 757.4803
    - 867.6409
    - 981.2546
    rho: 258
    thickness: 0.0254
  cone:
    activePhaseVars:
    - C0
    - rho
    - ka
    - kb
    - kc
    - kd
    - ke
    - Cpa
    - Cpb
    - Cpc
    - Cpd
    - Cpe
    - eps
    - K
    activeReactionVars:
    - A
    - E
    - n
    - Hp
    - nO2
    weight: 1.0
  cone1:
    Tinit: 25
    columns:
    - 1
    depths:
    - 0
    file: ../../data/E_Glass-nominal_0_cone_Mass.csv
    heatFlux: 20
    names:
    - Mass
    thickness: 0.00635
    time: 0
    types:
    - 1
    weights:
    - 1
    width1: 0.1016
    width2: 0.1016
  configDir: C:\Users\Fyang\Workspace\optimization\cases\config\E_Glass\
  dataSources:
    names:
    - cone1
    types:
    - cone
  dsc:
    activePhaseVars:
    - C0
    - Cpa
    - Cpb
    - Cpc
    - Cpd
    - Cpe
    activeReactionVars:
    - A
    - E
    - n
    - Hp
    dscO2: None
    weight: 1.0
  fdsPath: false
  name: E_Glass-20Deviation
  optimizeParams:
    absErr: 1e-8
    absRelErr: 1e-6
    elimThresh: 1e-2
    maxIter: 2000
    maxTime: 60000
    minIter: 1
    minP: 2
    opAlpha: 5
    opBeta: 5
    opP: 4
    opQ: 10
    opS: 80
    relErr: 1e-15
    relIter: 15
  outputParams:
    saveAllSamples: true
  phaseParams:
    C0:
    - - 1
      - 0
      - 1
    - - 0
      - 1189
      - 1189
    Cpa:
    - - None
      - 1200
      - 1800
    - - None
      - 880
      - 1320
    Cpb:
    - - 0.0
      - 0.0
      - 0.0
    - - 0.0
      - 0.0
      - 0.0
    Cpc:
    - &id001
      - 0
      - 0
      - 1
    - *id001
    Cpd:
    - &id002
      - 0
      - 0
      - 1
    - *id002
    Cpe:
    - &id003
      - 0
      - 0
      - 1
    - *id003
    K:
    - - None
      - 8000
      - 12000
    - - 0
      - 0
      - 0
    eps:
    - - None
      - 0.752
      - 1.0
    - - None
      - 0.752
      - 1.0
    ka:
    - - None
      - 0.24
      - 0.36
    - - None
      - 0.16
      - 0.24
    kb:
    - - 0.0
      - 0.0
      - 0.0
    - - 0.0
      - 0.0
      - 0.0
    kc:
    - &id004
      - 0
      - 0
      - 1
    - *id004
    kd:
    - &id005
      - 0
      - 0
      - 1
    - *id005
    ke:
    - &id006
      - 0
      - 0
      - 1
    - *id006
    nO2:
    - - 0
      - 0
      - 1
    - - 0
      - 0
      - 0
    phases:
    - virgin
    - char
    rho:
    - - 1683
      - 1346.4
      - 2019.6
    - - 1235
      - 988
      - 1482
  processParams:
    maxProcesses: 4
    multiprocess: true
  reactionParams:
    A:
    - - None
      - 1.872e12
      - 2.808e12
    E:
    - - None
      - 1.448e5
      - 2.172e5
    Hp:
    - - None
      - 80e3
      - 120e3
    n:
    - - None
      - 0.8
      - 1.2
    nO2:
    - - 0
      - 0
      - 1
    prodState:
    - 1
    reacState:
    - 0
    typeState:
    - 3
    - 3
  reinitializeComplex: false
  restart: false
  resultsDir: ../../results/E_Glass/
  systemDir: C:\Users\Fyang\Workspace\optimization\sourceCode\optimizationpython\src
  tga:
    activePhaseVars:
    - C0
    - rho
    activeReactionVars:
    - A
    - E
    - n
    tgaO2: None
    tgaOpt: 1
    weight: 1.0
  virtualExperiment: false
Loop	t (s)	Error Min	Error Max	ErrorRel	Comp	Samples
0		38.49	5.532e-05	4.902e-03	1.000e+00	4	320
1		79.44	5.532e-05	4.898e-03	1.000e+00	4	320
2		125.44	3.567e-05	4.898e-03	1.000e+00	4	320
3		173.14	3.567e-05	4.898e-03	1.000e+00	4	320
4		221.87	1.981e-05	4.898e-03	1.000e+00	4	320
5		267.97	1.981e-05	4.898e-03	1.000e+00	4	320
6		321.77	1.981e-05	4.898e-03	1.000e+00	4	320
7		373.17	1.270e-05	4.898e-03	1.000e+00	4	320
8		429.18	1.064e-05	4.898e-03	1.000e+00	4	320
9		497.48	8.412e-06	4.898e-03	1.000e+00	4	320
10		559.00	7.418e-06	4.898e-03	1.000e+00	4	320
11		619.67	6.262e-06	4.898e-03	1.000e+00	4	320
12		675.29	5.790e-06	4.898e-03	1.000e+00	4	320
13		733.59	4.839e-06	4.898e-03	1.000e+00	4	320
14		791.08	3.190e-06	4.898e-03	1.000e+00	4	320
15		847.45	3.042e-06	4.898e-03	1.000e+00	4	320
16		904.39	3.042e-06	4.898e-03	5.228e-05	4	320
17		962.84	2.566e-06	4.898e-03	3.310e-05	4	320
18		1021.53	2.565e-06	4.898e-03	3.310e-05	4	320
19		1079.61	2.565e-06	4.898e-03	1.724e-05	4	320
20		1135.49	1.847e-06	4.898e-03	1.796e-05	4	320
21		1198.85	1.601e-06	4.898e-03	1.820e-05	4	320
22		1253.25	1.283e-06	4.898e-03	1.142e-05	4	320
23		1308.44	6.947e-07	4.898e-03	9.950e-06	4	320
24		1364.89	6.947e-07	4.898e-03	7.717e-06	4	320
25		1420.94	6.947e-07	4.898e-03	6.724e-06	4	320
26		1482.68	6.841e-07	4.898e-03	5.578e-06	4	320
27		1537.87	6.579e-07	4.898e-03	5.132e-06	4	320
28		1592.59	5.292e-07	4.898e-03	4.310e-06	4	320
29		1656.99	5.241e-07	4.898e-03	2.666e-06	4	320
30		1717.45	4.831e-07	4.898e-03	2.559e-06	4	320
31		1773.28	4.336e-07	4.898e-03	2.608e-06	4	320
32		1826.58	4.319e-07	4.898e-03	2.134e-06	4	320
33		1881.16	4.261e-07	4.898e-03	2.139e-06	4	320
34		1939.61	4.010e-07	4.898e-03	2.164e-06	4	320
35		2007.67	4.010e-07	4.898e-03	1.446e-06	4	320
36		2063.46	3.984e-07	4.898e-03	1.203e-06	4	320
37		2120.04	3.893e-07	4.898e-03	8.934e-07	4	320
38		2179.09	3.893e-07	4.898e-03	3.055e-07	4	320
39		2234.72	3.757e-07	4.898e-03	3.190e-07	4	320
40		2289.17	3.713e-07	4.898e-03	3.234e-07	4	320
41		2344.89	3.621e-07	4.898e-03	3.219e-07	4	320
42		2405.85	3.281e-07	4.898e-03	3.298e-07	4	320
43		2455.97	3.156e-07	4.898e-03	2.137e-07	4	320
44		2510.92	2.965e-07	4.898e-03	2.276e-07	4	320
45		2564.99	2.848e-07	4.898e-03	1.983e-07	4	320
46		2623.78	2.693e-07	4.898e-03	1.643e-07	4	320
47		2682.38	2.666e-07	4.898e-03	1.652e-07	4	320
48		2737.61	2.452e-07	4.898e-03	1.809e-07	4	320
49		2796.07	2.372e-07	4.898e-03	1.639e-07	4	320
50		2849.63	2.163e-07	4.898e-03	1.847e-07	4	320
51		2905.49	2.163e-07	4.898e-03	1.821e-07	4	320
52		2960.76	2.085e-07	4.898e-03	1.808e-07	4	320
53		3015.14	1.957e-07	4.898e-03	1.935e-07	4	320
54		3063.58	1.957e-07	4.898e-03	1.800e-07	4	320
55		3116.97	1.853e-07	4.898e-03	1.861e-07	4	320
56		3170.91	1.853e-07	4.898e-03	1.769e-07	4	320
57		3226.05	1.735e-07	4.898e-03	1.546e-07	4	320
58		3277.28	1.652e-07	4.898e-03	1.503e-07	4	320
59		3327.18	1.652e-07	4.898e-03	1.313e-07	4	320
60		3381.70	1.582e-07	4.898e-03	1.266e-07	4	320
61		3428.78	1.530e-07	4.898e-03	1.163e-07	4	320
62		3477.99	1.443e-07	4.898e-03	1.224e-07	4	320
63		3531.97	1.419e-07	4.898e-03	1.034e-07	4	320
64		3586.92	1.371e-07	4.898e-03	1.001e-07	4	320
65		3635.95	1.371e-07	4.898e-03	7.922e-08	4	320
66		3689.39	1.316e-07	4.898e-03	8.465e-08	4	320
67		3739.70	1.228e-07	4.898e-03	8.574e-08	4	320
68		3790.56	1.228e-07	4.898e-03	7.296e-08	4	320
69		3846.34	1.228e-07	4.898e-03	7.296e-08	4	320
70		3894.30	1.228e-07	4.898e-03	6.247e-08	4	320
71		3946.32	1.205e-07	4.898e-03	6.479e-08	4	320
72		3992.91	1.198e-07	4.898e-03	5.371e-08	4	320
73		4044.17	1.185e-07	4.898e-03	4.672e-08	4	320
74		4090.56	1.160e-07	4.898e-03	4.923e-08	4	320
75		4136.22	1.140e-07	4.898e-03	4.419e-08	4	320
76		4186.72	1.128e-07	4.898e-03	4.018e-08	4	320
77		4237.53	1.115e-07	1.019e-03	3.271e-08	4	320
78		4339.03	1.078e-07	1.019e-03	3.408e-08	4	320
79		4491.99	1.078e-07	1.019e-03	2.926e-08	4	320
80		4625.96	1.010e-07	1.019e-03	3.607e-08	4	320
81		4734.31	1.010e-07	1.019e-03	3.064e-08	4	320
82		4842.14	9.577e-08	1.019e-03	2.701e-08	4	320
83		4941.83	9.244e-08	1.019e-03	3.034e-08	4	320
84		5041.97	8.461e-08	1.019e-03	3.817e-08	4	320
85		5143.50	7.640e-08	1.019e-03	4.638e-08	4	320
86		5254.03	6.855e-08	1.019e-03	5.191e-08	4	320
87		5352.26	6.855e-08	1.019e-03	5.123e-08	4	320
88		5449.37	6.695e-08	1.019e-03	5.157e-08	4	320
89		5546.43	6.695e-08	1.019e-03	4.906e-08	4	320
90		5646.83	6.141e-08	1.019e-03	5.258e-08	4	320
91		5747.46	6.141e-08	1.019e-03	5.137e-08	4	320
92		5845.37	5.851e-08	1.019e-03	5.304e-08	4	320
93		5939.70	5.851e-08	1.019e-03	4.931e-08	4	320
94		6037.66	5.754e-08	1.019e-03	5.027e-08	4	320
95		6143.73	5.544e-08	1.019e-03	4.556e-08	4	320
96		6221.19	5.184e-08	1.019e-03	4.916e-08	4	320
97		6315.28	4.910e-08	1.019e-03	4.666e-08	4	320
98		6404.13	4.439e-08	1.019e-03	4.805e-08	4	320
99		6501.12	4.087e-08	1.019e-03	4.373e-08	4	320
100		6600.33	4.087e-08	1.019e-03	3.552e-08	4	320
101		6694.00	3.780e-08	1.019e-03	3.075e-08	4	320
102		6795.71	3.780e-08	1.019e-03	3.075e-08	4	320
103		6890.29	3.737e-08	1.019e-03	2.958e-08	4	320
104		6998.90	3.737e-08	1.019e-03	2.958e-08	4	320
105		7089.04	3.360e-08	1.019e-03	2.780e-08	4	320
106		7186.94	3.360e-08	1.019e-03	2.780e-08	4	320
107		7292.55	3.292e-08	1.019e-03	2.558e-08	4	320
108		7397.52	3.292e-08	1.019e-03	2.558e-08	4	320
109		7513.55	3.257e-08	1.490e-03	2.497e-08	4	320
110		7627.92	3.207e-08	1.490e-03	2.337e-08	4	320
111		7740.63	3.206e-08	1.490e-03	1.978e-08	4	320
112		7855.10	3.169e-08	1.490e-03	1.741e-08	4	320
113		7958.04	3.169e-08	1.490e-03	1.270e-08	4	320
114		8070.89	3.105e-08	2.008e-03	9.820e-09	4	320
115		8184.30	3.104e-08	2.008e-03	9.829e-09	4	320
116		8299.70	3.104e-08	2.044e-03	6.756e-09	4	320
117		8417.61	3.097e-08	2.044e-03	6.828e-09	4	320
118		8532.71	3.063e-08	4.515e-03	6.746e-09	4	320
119		8648.28	3.018e-08	4.515e-03	7.195e-09	4	320
120		8770.49	3.018e-08	4.515e-03	3.425e-09	4	320
121		8890.06	3.013e-08	4.515e-03	3.478e-09	4	320
122		9005.15	3.013e-08	4.515e-03	2.799e-09	4	320
123		9117.88	2.969e-08	4.515e-03	3.230e-09	4	320
124		9234.30	2.961e-08	4.515e-03	2.957e-09	4	320
125		9341.04	2.934e-08	4.515e-03	2.728e-09	4	320
126		9463.66	2.934e-08	4.515e-03	2.719e-09	4	320
127		9573.57	2.820e-08	4.515e-03	3.488e-09	4	320
128		9686.08	2.740e-08	4.515e-03	4.294e-09	4	320
129		9810.90	2.740e-08	4.515e-03	3.657e-09	4	320
130		9930.61	2.733e-08	4.515e-03	3.717e-09	4	320
131		10049.99	2.704e-08	4.515e-03	4.007e-09	4	320
132		10162.82	2.654e-08	4.515e-03	4.430e-09	4	320
133		10290.48	2.654e-08	4.515e-03	4.085e-09	4	320
134		10397.97	2.611e-08	4.515e-03	4.065e-09	4	320
135		10506.58	2.568e-08	4.515e-03	4.502e-09	4	320
136		10628.76	2.568e-08	4.515e-03	4.449e-09	4	320
137		10758.24	2.542e-08	4.515e-03	4.702e-09	4	320
138		10877.15	2.522e-08	4.515e-03	4.475e-09	4	320
139		10999.73	2.522e-08	4.515e-03	4.389e-09	4	320
140		11111.48	2.522e-08	4.515e-03	4.122e-09	4	320
141		11236.91	2.495e-08	4.515e-03	4.392e-09	4	320
142		11363.31	2.493e-08	4.515e-03	3.273e-09	4	320
143		11482.82	2.467e-08	4.515e-03	2.725e-09	4	320
144		11603.49	2.463e-08	4.515e-03	2.769e-09	4	320
145		11726.87	2.463e-08	4.515e-03	2.700e-09	4	320
146		11841.47	2.463e-08	4.515e-03	2.410e-09	4	320
147		11947.34	2.444e-08	4.515e-03	2.104e-09	4	320
148		12068.00	2.444e-08	4.515e-03	2.104e-09	4	320
149		12192.89	2.444e-08	4.515e-03	1.675e-09	4	320
150		12325.60	2.444e-08	4.515e-03	1.238e-09	4	320
151		12447.52	2.444e-08	4.515e-03	1.238e-09	4	320
152		12558.78	2.439e-08	4.515e-03	1.036e-09	4	320
153		12680.45	2.439e-08	4.515e-03	8.326e-10	4	320
154		12806.55	2.438e-08	4.515e-03	8.435e-10	4	320
155		12926.71	2.438e-08	4.515e-03	8.435e-10	4	320
156		13047.03	2.435e-08	4.515e-03	5.938e-10	4	320
157		13164.69	2.435e-08	4.515e-03	5.753e-10	4	320
158		13296.38	2.435e-08	4.515e-03	3.168e-10	4	320
159		13421.37	2.435e-08	4.515e-03	2.722e-10	4	320
160		13553.62	2.435e-08	4.515e-03	2.722e-10	4	320
161		13677.62	2.435e-08	4.515e-03	2.722e-10	4	320
162		13800.42	2.398e-08	4.515e-03	4.590e-10	4	320
163		13912.63	2.398e-08	4.515e-03	4.590e-10	4	320
164		14043.89	2.398e-08	4.515e-03	4.590e-10	4	320
165		14176.04	2.383e-08	4.515e-03	6.094e-10	4	320
166		14309.16	2.383e-08	4.515e-03	6.094e-10	4	320
167		14431.70	2.383e-08	4.515e-03	5.579e-10	4	320
168		14554.13	2.324e-08	4.515e-03	1.149e-09	4	320
169		14672.02	2.324e-08	4.515e-03	1.138e-09	4	320
170		14799.90	2.305e-08	4.515e-03	1.329e-09	4	320
171		14980.71	2.269e-08	4.515e-03	1.662e-09	4	320
172		15166.47	2.269e-08	4.515e-03	1.662e-09	4	320
173		15343.85	2.269e-08	4.515e-03	1.662e-09	4	320
174		15541.05	2.269e-08	4.515e-03	1.662e-09	4	320
175		15727.90	2.269e-08	4.515e-03	1.662e-09	4	320
176		15902.01	2.269e-08	4.515e-03	1.662e-09	4	320
177		16093.50	2.269e-08	4.515e-03	1.286e-09	4	320
178		16290.47	2.269e-08	4.515e-03	1.286e-09	4	320
179		16471.31	2.269e-08	4.515e-03	1.286e-09	4	320
180		16673.25	2.267e-08	4.515e-03	1.156e-09	4	320
181		16808.18	2.267e-08	4.515e-03	1.156e-09	4	320
182		16931.21	2.256e-08	4.515e-03	1.268e-09	4	320
183		17033.04	2.223e-08	4.515e-03	1.007e-09	4	320
184		17154.37	2.202e-08	4.515e-03	1.217e-09	4	320
185		17293.83	2.202e-08	4.515e-03	1.027e-09	4	320
186		17428.94	2.202e-08	4.515e-03	6.728e-10	4	320
187		17551.46	2.202e-08	4.515e-03	6.728e-10	4	320
188		17678.08	2.202e-08	4.515e-03	6.728e-10	4	320
189		17802.51	2.202e-08	4.515e-03	6.728e-10	4	320
190		17928.86	2.202e-08	4.515e-03	6.728e-10	4	320
191		18046.92	2.202e-08	4.515e-03	6.728e-10	4	320
192		18170.46	2.202e-08	4.515e-03	6.728e-10	4	320
193		18295.79	2.202e-08	4.515e-03	6.728e-10	4	320
194		18433.35	2.202e-08	4.515e-03	6.728e-10	4	320
195		18555.53	2.202e-08	4.515e-03	6.530e-10	4	320
196		18678.07	2.202e-08	4.515e-03	6.530e-10	4	320
197		18799.75	2.202e-08	4.515e-03	5.408e-10	4	320
198		18923.03	2.197e-08	4.515e-03	2.628e-10	4	320
199		19044.23	2.197e-08	4.598e-03	5.222e-11	4	320
200		19184.95	2.197e-08	4.598e-03	5.222e-11	4	320
201		19321.00	2.197e-08	4.598e-03	5.222e-11	4	320
202		19448.01	2.197e-08	4.598e-03	5.222e-11	4	320
203		19573.71	2.197e-08	4.598e-03	5.222e-11	4	320
204		19691.67	2.197e-08	4.787e-03	5.222e-11	4	320
205		19818.62	2.196e-08	4.787e-03	5.662e-11	4	320
206		19953.69	2.196e-08	4.787e-03	5.662e-11	4	320
207		20081.97	2.196e-08	4.787e-03	5.662e-11	4	320
208		20222.88	2.196e-08	4.787e-03	5.662e-11	4	320
209		20346.29	2.196e-08	4.787e-03	5.662e-11	4	320
210		20476.09	2.196e-08	4.787e-03	5.662e-11	4	320
211		20615.52	2.196e-08	4.787e-03	5.662e-11	4	320
212		20744.04	2.196e-08	4.787e-03	5.662e-11	4	320
213		20872.45	2.196e-08	4.787e-03	4.396e-12	4	320
214		21007.74	2.196e-08	4.787e-03	4.396e-12	4	320
215		21124.15	2.196e-08	4.787e-03	4.396e-12	4	320
216		21245.97	2.196e-08	4.787e-03	4.396e-12	4	320
217		21378.56	2.192e-08	4.787e-03	5.172e-11	4	320
218		21511.47	2.192e-08	4.787e-03	5.172e-11	4	320
219		21648.46	2.192e-08	4.787e-03	5.172e-11	4	320
220		21775.56	2.192e-08	4.787e-03	4.732e-11	4	320
221		21910.95	2.192e-08	4.787e-03	4.732e-11	4	320
222		22032.24	2.192e-08	4.787e-03	4.732e-11	4	320
223		22167.56	2.192e-08	4.787e-03	4.732e-11	4	320
224		22305.26	2.192e-08	4.787e-03	4.732e-11	4	320
225		22437.65	2.192e-08	4.787e-03	4.732e-11	4	320
226		22560.99	2.191e-08	4.787e-03	5.073e-11	4	320
227		22687.67	2.191e-08	4.787e-03	5.073e-11	4	320
228		22812.94	2.190e-08	4.787e-03	6.179e-11	4	320
229		22946.75	2.190e-08	4.787e-03	6.179e-11	4	320
230		23071.71	2.190e-08	4.787e-03	6.179e-11	4	320
231		23214.14	2.190e-08	4.787e-03	6.179e-11	4	320
232		23343.73	2.190e-08	4.787e-03	1.447e-11	4	320
233		23475.87	2.190e-08	4.787e-03	1.447e-11	4	320
234		23578.29	2.172e-08	4.787e-03	1.956e-10	4	320
235		23699.56	2.171e-08	4.787e-03	2.026e-10	4	320
236		23826.88	2.171e-08	4.787e-03	2.026e-10	4	320
237		23955.92	2.171e-08	4.787e-03	2.026e-10	4	320
238		24093.14	2.171e-08	4.787e-03	2.026e-10	4	320
239		24228.19	2.171e-08	4.787e-03	2.026e-10	4	320
240		24351.75	2.171e-08	4.415e-03	2.026e-10	4	320
241		24479.96	2.171e-08	4.415e-03	1.992e-10	4	320
242		24611.56	2.171e-08	4.415e-03	1.992e-10	4	320
243		24746.66	2.171e-08	4.415e-03	1.882e-10	4	320
244		24877.96	2.171e-08	4.415e-03	1.882e-10	4	320
245		25014.43	2.171e-08	4.415e-03	1.882e-10	4	320
246		25147.42	2.171e-08	4.415e-03	1.882e-10	4	320
247		25274.73	2.171e-08	4.415e-03	1.882e-10	4	320
248		25397.45	2.171e-08	4.415e-03	1.882e-10	4	320
249		25535.45	2.171e-08	4.415e-03	7.073e-12	4	320
250		25670.37	2.171e-08	4.415e-03	0.000e+00	4	320
A	 = 2.41e+12,
C0	 = 1.0,0.0,
Cpa	 = 1442.228288934517,1175.8439030188608,
E	 = 1.81e+05,
Hp	 = 94332.10828989535,
K	 = 9248.365238896156,0.0,
Value	 = 2.17135238267508e-08,
eps	 = 0.9052626702518234,0.8958213677429699,
ka	 = 0.28932472942053167,0.19288956836300816,
n	 = 0.9792388443079852,
nO2	 = 0.0,
rho	 = 1683.0,1235.0,
Results saved to C:\Users\Fyang\Workspace\optimization\cases\config\E_Glass\../../results/E_Glass/E_Glass-20Deviation_solution.txt
