C:\Users\Fyang\Workspace\optimization\cases\config\E_Glass\../../results/E_Glass/E_Glass-nominal Log file
!!python/object/apply:collections.defaultdict
args:
- !!python/name:builtins.bool ''
dictitems:
  Duraboard:
    CprampF:
    - 1.0
    - 1.0
    CprampT:
    - 0
    - 5000
    eps: 0.8
    krampF:
    - 0.075932
    - 0.090229
    - 0.104522
    - 0.122143
    - 0.14158
    - 0.163436
    - 0.190738
    - 0.221975
    krampT:
    - 203.035
    - 317.4028
    - 426.9164
    - 536.4182
    - 647.3003
    - 757.4803
    - 867.6409
    - 981.2546
    rho: 258
    thickness: 0.0254
  cone:
    activePhaseVars:
    - C0
    - rho
    - ka
    - kb
    - kc
    - kd
    - ke
    - Cpa
    - Cpb
    - Cpc
    - Cpd
    - Cpe
    - eps
    - K
    activeReactionVars:
    - A
    - E
    - n
    - Hp
    - nO2
    weight: 1.0
  cone1:
    Tinit: 25
    columns:
    - 1
    depths:
    - 0
    file: ../../data/E_Glass-nominal_0_cone_Mass.csv
    heatFlux: 20
    names:
    - Mass
    thickness: 0.00635
    time: 0
    types:
    - 1
    weights:
    - 1
    width1: 0.1016
    width2: 0.1016
  configDir: C:\Users\Fyang\Workspace\optimization\cases\config\E_Glass\
  dataSources:
    names:
    - cone1
    types:
    - cone
  dsc:
    activePhaseVars:
    - C0
    - Cpa
    - Cpb
    - Cpc
    - Cpd
    - Cpe
    activeReactionVars:
    - A
    - E
    - n
    - Hp
    dscO2: None
    weight: 1.0
  fdsPath: false
  name: E_Glass-nominal
  optimizeParams:
    absErr: 1e-6
    absRelErr: 1e-6
    elimThresh: 1e-2
    maxIter: 2000
    maxTime: 60000
    minIter: 1
    minP: 2
    opAlpha: 5
    opBeta: 5
    opP: 0
    opQ: 10
    opS: 320
    relErr: 1e-15
    relIter: 15
  outputParams:
    saveAllSamples: true
  phaseParams:
    C0:
    - - 1
      - 0
      - 1
    - - 0
      - 1189
      - 1189
    Cpa:
    - - None
      - 1200
      - 1800
    - - None
      - 880
      - 1320
    Cpb:
    - - 0.0
      - 0.0
      - 0.0
    - - 0.0
      - 0.0
      - 0.0
    Cpc:
    - &id001
      - 0
      - 0
      - 1
    - *id001
    Cpd:
    - &id002
      - 0
      - 0
      - 1
    - *id002
    Cpe:
    - &id003
      - 0
      - 0
      - 1
    - *id003
    K:
    - - None
      - 8000
      - 12000
    - - 0
      - 0
      - 0
    eps:
    - - None
      - 0.752
      - 1.0
    - - None
      - 0.752
      - 1.0
    ka:
    - - None
      - 0.24
      - 0.36
    - - None
      - 0.16
      - 0.24
    kb:
    - - 0.0
      - 0.0
      - 0.0
    - - 0.0
      - 0.0
      - 0.0
    kc:
    - &id004
      - 0
      - 0
      - 1
    - *id004
    kd:
    - &id005
      - 0
      - 0
      - 1
    - *id005
    ke:
    - &id006
      - 0
      - 0
      - 1
    - *id006
    nO2:
    - - 0
      - 0
      - 1
    - - 0
      - 0
      - 0
    phases:
    - virgin
    - char
    rho:
    - - 1683
      - 1346.4
      - 2019.6
    - - 1235
      - 988
      - 1482
  processParams:
    maxProcesses: 4
    multiprocess: true
  reactionParams:
    A:
    - - None
      - 1.872e12
      - 2.808e12
    E:
    - - None
      - 1.448e5
      - 2.172e5
    Hp:
    - - None
      - 80e3
      - 120e3
    n:
    - - None
      - 0.8
      - 1.2
    nO2:
    - - 0
      - 0
      - 1
    prodState:
    - 1
    reacState:
    - 0
    typeState:
    - 3
    - 3
  reinitializeComplex: false
  restart: true
  resultsDir: ../../results/E_Glass/
  systemDir: C:\Users\Fyang\Workspace\optimization\sourceCode\optimizationpython\src
  tga:
    activePhaseVars:
    - C0
    - rho
    activeReactionVars:
    - A
    - E
    - n
    tgaO2: None
    tgaOpt: 1
    weight: 1.0
  virtualExperiment: false
Loop	t (s)	Error Min	Error Max	ErrorRel	Comp	Samples
0		0.13	9.972e-03	9.972e-03	1.000e+00	0	0
1		0.25	9.972e-03	9.972e-03	1.000e+00	0	0
2		0.36	9.972e-03	9.972e-03	1.000e+00	0	0
3		0.47	9.972e-03	9.972e-03	1.000e+00	0	0
4		0.58	9.972e-03	9.972e-03	1.000e+00	0	0
5		0.69	9.972e-03	9.972e-03	1.000e+00	0	0
6		0.80	9.972e-03	9.972e-03	1.000e+00	0	0
7		0.90	9.972e-03	9.972e-03	1.000e+00	0	0
8		1.02	9.972e-03	9.972e-03	1.000e+00	0	0
9		1.12	9.972e-03	9.972e-03	1.000e+00	0	0
10		1.23	9.972e-03	9.972e-03	1.000e+00	0	0
11		1.34	9.972e-03	9.972e-03	1.000e+00	0	0
12		1.45	9.972e-03	9.972e-03	1.000e+00	0	0
13		1.56	9.972e-03	9.972e-03	1.000e+00	0	0
14		1.67	9.972e-03	9.972e-03	1.000e+00	0	0
15		1.78	9.972e-03	9.972e-03	1.000e+00	0	0
16		1.89	9.972e-03	9.972e-03	0.000e+00	0	0
17		2.00	9.972e-03	9.972e-03	0.000e+00	0	0
18		2.11	9.972e-03	9.972e-03	0.000e+00	0	0
19		2.22	9.972e-03	9.972e-03	0.000e+00	0	0
20		2.33	9.972e-03	9.972e-03	0.000e+00	0	0
21		2.44	9.972e-03	9.972e-03	0.000e+00	0	0
22		2.55	9.972e-03	9.972e-03	0.000e+00	0	0
23		2.66	9.972e-03	9.972e-03	0.000e+00	0	0
24		2.77	9.972e-03	9.972e-03	0.000e+00	0	0
25		2.88	9.972e-03	9.972e-03	0.000e+00	0	0
26		2.99	9.972e-03	9.972e-03	0.000e+00	0	0
27		3.10	9.972e-03	9.972e-03	0.000e+00	0	0
28		3.21	9.972e-03	9.972e-03	0.000e+00	0	0
29		3.32	9.972e-03	9.972e-03	0.000e+00	0	0
30		3.43	9.972e-03	9.972e-03	0.000e+00	0	0
31		3.54	9.972e-03	9.972e-03	0.000e+00	0	0
32		3.65	9.972e-03	9.972e-03	0.000e+00	0	0
33		3.76	9.972e-03	9.972e-03	0.000e+00	0	0
34		3.87	9.972e-03	9.972e-03	0.000e+00	0	0
35		3.98	9.972e-03	9.972e-03	0.000e+00	0	0
36		4.10	9.972e-03	9.972e-03	0.000e+00	0	0
37		4.21	9.972e-03	9.972e-03	0.000e+00	0	0
38		4.32	9.972e-03	9.972e-03	0.000e+00	0	0
39		4.43	9.972e-03	9.972e-03	0.000e+00	0	0
40		4.54	9.972e-03	9.972e-03	0.000e+00	0	0
41		4.65	9.972e-03	9.972e-03	0.000e+00	0	0
42		4.76	9.972e-03	9.972e-03	0.000e+00	0	0
43		4.87	9.972e-03	9.972e-03	0.000e+00	0	0
44		4.98	9.972e-03	9.972e-03	0.000e+00	0	0
45		5.09	9.972e-03	9.972e-03	0.000e+00	0	0
46		5.20	9.972e-03	9.972e-03	0.000e+00	0	0
47		5.31	9.972e-03	9.972e-03	0.000e+00	0	0
48		5.42	9.972e-03	9.972e-03	0.000e+00	0	0
49		5.53	9.972e-03	9.972e-03	0.000e+00	0	0
50		5.64	9.972e-03	9.972e-03	0.000e+00	0	0
51		5.75	9.972e-03	9.972e-03	0.000e+00	0	0
52		5.86	9.972e-03	9.972e-03	0.000e+00	0	0
53		5.97	9.972e-03	9.972e-03	0.000e+00	0	0
54		6.08	9.972e-03	9.972e-03	0.000e+00	0	0
55		6.18	9.972e-03	9.972e-03	0.000e+00	0	0
56		6.30	9.972e-03	9.972e-03	0.000e+00	0	0
57		6.41	9.972e-03	9.972e-03	0.000e+00	0	0
58		6.52	9.972e-03	9.972e-03	0.000e+00	0	0
59		6.62	9.972e-03	9.972e-03	0.000e+00	0	0
60		6.73	9.972e-03	9.972e-03	0.000e+00	0	0
61		6.84	9.972e-03	9.972e-03	0.000e+00	0	0
62		6.95	9.972e-03	9.972e-03	0.000e+00	0	0
63		7.06	9.972e-03	9.972e-03	0.000e+00	0	0
64		7.17	9.972e-03	9.972e-03	0.000e+00	0	0
65		7.28	9.972e-03	9.972e-03	0.000e+00	0	0
66		7.39	9.972e-03	9.972e-03	0.000e+00	0	0
67		7.50	9.972e-03	9.972e-03	0.000e+00	0	0
68		7.61	9.972e-03	9.972e-03	0.000e+00	0	0
69		7.72	9.972e-03	9.972e-03	0.000e+00	0	0
70		7.83	9.972e-03	9.972e-03	0.000e+00	0	0
71		7.94	9.972e-03	9.972e-03	0.000e+00	0	0
72		8.05	9.972e-03	9.972e-03	0.000e+00	0	0
73		8.16	9.972e-03	9.972e-03	0.000e+00	0	0
74		8.27	9.972e-03	9.972e-03	0.000e+00	0	0
75		8.38	9.972e-03	9.972e-03	0.000e+00	0	0
76		8.49	9.972e-03	9.972e-03	0.000e+00	0	0
77		8.60	9.972e-03	9.972e-03	0.000e+00	0	0
78		8.70	9.972e-03	9.972e-03	0.000e+00	0	0
79		8.81	9.972e-03	9.972e-03	0.000e+00	0	0
80		8.92	9.972e-03	9.972e-03	0.000e+00	0	0
81		9.03	9.972e-03	9.972e-03	0.000e+00	0	0
82		9.14	9.972e-03	9.972e-03	0.000e+00	0	0
83		9.25	9.972e-03	9.972e-03	0.000e+00	0	0
84		9.36	9.972e-03	9.972e-03	0.000e+00	0	0
85		9.47	9.972e-03	9.972e-03	0.000e+00	0	0
86		9.58	9.972e-03	9.972e-03	0.000e+00	0	0
87		9.69	9.972e-03	9.972e-03	0.000e+00	0	0
88		9.80	9.972e-03	9.972e-03	0.000e+00	0	0
89		9.91	9.972e-03	9.972e-03	0.000e+00	0	0
90		10.02	9.972e-03	9.972e-03	0.000e+00	0	0
91		10.13	9.972e-03	9.972e-03	0.000e+00	0	0
92		10.24	9.972e-03	9.972e-03	0.000e+00	0	0
93		10.35	9.972e-03	9.972e-03	0.000e+00	0	0
94		10.46	9.972e-03	9.972e-03	0.000e+00	0	0
95		10.57	9.972e-03	9.972e-03	0.000e+00	0	0
96		10.68	9.972e-03	9.972e-03	0.000e+00	0	0
97		10.79	9.972e-03	9.972e-03	0.000e+00	0	0
98		10.90	9.972e-03	9.972e-03	0.000e+00	0	0
99		11.01	9.972e-03	9.972e-03	0.000e+00	0	0
100		11.12	9.972e-03	9.972e-03	0.000e+00	0	0
101		11.23	9.972e-03	9.972e-03	0.000e+00	0	0
102		11.34	9.972e-03	9.972e-03	0.000e+00	0	0
103		11.45	9.972e-03	9.972e-03	0.000e+00	0	0
104		11.56	9.972e-03	9.972e-03	0.000e+00	0	0
105		11.67	9.972e-03	9.972e-03	0.000e+00	0	0
106		11.78	9.972e-03	9.972e-03	0.000e+00	0	0
107		11.89	9.972e-03	9.972e-03	0.000e+00	0	0
108		12.00	9.972e-03	9.972e-03	0.000e+00	0	0
109		12.11	9.972e-03	9.972e-03	0.000e+00	0	0
110		12.22	9.972e-03	9.972e-03	0.000e+00	0	0
111		12.33	9.972e-03	9.972e-03	0.000e+00	0	0
112		12.44	9.972e-03	9.972e-03	0.000e+00	0	0
113		12.55	9.972e-03	9.972e-03	0.000e+00	0	0
114		12.66	9.972e-03	9.972e-03	0.000e+00	0	0
115		12.77	9.972e-03	9.972e-03	0.000e+00	0	0
116		12.88	9.972e-03	9.972e-03	0.000e+00	0	0
117		12.99	9.972e-03	9.972e-03	0.000e+00	0	0
118		13.10	9.972e-03	9.972e-03	0.000e+00	0	0
119		13.21	9.972e-03	9.972e-03	0.000e+00	0	0
120		13.32	9.972e-03	9.972e-03	0.000e+00	0	0
121		13.43	9.972e-03	9.972e-03	0.000e+00	0	0
122		13.54	9.972e-03	9.972e-03	0.000e+00	0	0
123		13.65	9.972e-03	9.972e-03	0.000e+00	0	0
124		13.76	9.972e-03	9.972e-03	0.000e+00	0	0
125		13.87	9.972e-03	9.972e-03	0.000e+00	0	0
126		13.98	9.972e-03	9.972e-03	0.000e+00	0	0
127		14.09	9.972e-03	9.972e-03	0.000e+00	0	0
128		14.20	9.972e-03	9.972e-03	0.000e+00	0	0
129		14.31	9.972e-03	9.972e-03	0.000e+00	0	0
130		14.42	9.972e-03	9.972e-03	0.000e+00	0	0
131		14.52	9.972e-03	9.972e-03	0.000e+00	0	0
132		14.63	9.972e-03	9.972e-03	0.000e+00	0	0
133		14.74	9.972e-03	9.972e-03	0.000e+00	0	0
134		14.85	9.972e-03	9.972e-03	0.000e+00	0	0
135		14.96	9.972e-03	9.972e-03	0.000e+00	0	0
136		15.07	9.972e-03	9.972e-03	0.000e+00	0	0
137		15.18	9.972e-03	9.972e-03	0.000e+00	0	0
138		15.29	9.972e-03	9.972e-03	0.000e+00	0	0
139		15.40	9.972e-03	9.972e-03	0.000e+00	0	0
140		15.51	9.972e-03	9.972e-03	0.000e+00	0	0
141		15.62	9.972e-03	9.972e-03	0.000e+00	0	0
142		15.73	9.972e-03	9.972e-03	0.000e+00	0	0
143		15.84	9.972e-03	9.972e-03	0.000e+00	0	0
144		15.95	9.972e-03	9.972e-03	0.000e+00	0	0
145		16.06	9.972e-03	9.972e-03	0.000e+00	0	0
